memory[0]=8519693
memory[1]=8585230
memory[2]=8650767
memory[3]=8781840
memory[4]=19267591
memory[5]=6488069
memory[6]=7143429
memory[7]=17104897
memory[8]=1114113
memory[9]=1179650
memory[10]=2359300
memory[11]=16842744
memory[12]=25165824
memory[13]=32766
memory[14]=10383
memory[15]=1
memory[16]=65536

@@@
state:
	pc 0
	memory:
		mem[ 0 ] 8519693
		mem[ 1 ] 8585230
		mem[ 2 ] 8650767
		mem[ 3 ] 8781840
		mem[ 4 ] 19267591
		mem[ 5 ] 6488069
		mem[ 6 ] 7143429
		mem[ 7 ] 17104897
		mem[ 8 ] 1114113
		mem[ 9 ] 1179650
		mem[ 10 ] 2359300
		mem[ 11 ] 16842744
		mem[ 12 ] 25165824
		mem[ 13 ] 32766
		mem[ 14 ] 10383
		mem[ 15 ] 1
		mem[ 16 ] 65536
	registers:
		reg[ 0 ] 0
		reg[ 1 ] 0
		reg[ 2 ] 0
		reg[ 3 ] 0
		reg[ 4 ] 0
		reg[ 5 ] 0
		reg[ 6 ] 0
		reg[ 7 ] 0
end state

@@@
state:
	pc 1
	memory:
		mem[ 0 ] 8519693
		mem[ 1 ] 8585230
		mem[ 2 ] 8650767
		mem[ 3 ] 8781840
		mem[ 4 ] 19267591
		mem[ 5 ] 6488069
		mem[ 6 ] 7143429
		mem[ 7 ] 17104897
		mem[ 8 ] 1114113
		mem[ 9 ] 1179650
		mem[ 10 ] 2359300
		mem[ 11 ] 16842744
		mem[ 12 ] 25165824
		mem[ 13 ] 32766
		mem[ 14 ] 10383
		mem[ 15 ] 1
		mem[ 16 ] 65536
	registers:
		reg[ 0 ] 0
		reg[ 1 ] 0
		reg[ 2 ] 32766
		reg[ 3 ] 0
		reg[ 4 ] 0
		reg[ 5 ] 0
		reg[ 6 ] 0
		reg[ 7 ] 0
end state

@@@
state:
	pc 2
	memory:
		mem[ 0 ] 8519693
		mem[ 1 ] 8585230
		mem[ 2 ] 8650767
		mem[ 3 ] 8781840
		mem[ 4 ] 19267591
		mem[ 5 ] 6488069
		mem[ 6 ] 7143429
		mem[ 7 ] 17104897
		mem[ 8 ] 1114113
		mem[ 9 ] 1179650
		mem[ 10 ] 2359300
		mem[ 11 ] 16842744
		mem[ 12 ] 25165824
		mem[ 13 ] 32766
		mem[ 14 ] 10383
		mem[ 15 ] 1
		mem[ 16 ] 65536
	registers:
		reg[ 0 ] 0
		reg[ 1 ] 0
		reg[ 2 ] 32766
		reg[ 3 ] 10383
		reg[ 4 ] 0
		reg[ 5 ] 0
		reg[ 6 ] 0
		reg[ 7 ] 0
end state

@@@
state:
	pc 3
	memory:
		mem[ 0 ] 8519693
		mem[ 1 ] 8585230
		mem[ 2 ] 8650767
		mem[ 3 ] 8781840
		mem[ 4 ] 19267591
		mem[ 5 ] 6488069
		mem[ 6 ] 7143429
		mem[ 7 ] 17104897
		mem[ 8 ] 1114113
		mem[ 9 ] 1179650
		mem[ 10 ] 2359300
		mem[ 11 ] 16842744
		mem[ 12 ] 25165824
		mem[ 13 ] 32766
		mem[ 14 ] 10383
		mem[ 15 ] 1
		mem[ 16 ] 65536
	registers:
		reg[ 0 ] 0
		reg[ 1 ] 0
		reg[ 2 ] 32766
		reg[ 3 ] 10383
		reg[ 4 ] 1
		reg[ 5 ] 0
		reg[ 6 ] 0
		reg[ 7 ] 0
end state

@@@
state:
	pc 4
	memory:
		mem[ 0 ] 8519693
		mem[ 1 ] 8585230
		mem[ 2 ] 8650767
		mem[ 3 ] 8781840
		mem[ 4 ] 19267591
		mem[ 5 ] 6488069
		mem[ 6 ] 7143429
		mem[ 7 ] 17104897
		mem[ 8 ] 1114113
		mem[ 9 ] 1179650
		mem[ 10 ] 2359300
		mem[ 11 ] 16842744
		mem[ 12 ] 25165824
		mem[ 13 ] 32766
		mem[ 14 ] 10383
		mem[ 15 ] 1
		mem[ 16 ] 65536
	registers:
		reg[ 0 ] 0
		reg[ 1 ] 0
		reg[ 2 ] 32766
		reg[ 3 ] 10383
		reg[ 4 ] 1
		reg[ 5 ] 0
		reg[ 6 ] 65536
		reg[ 7 ] 0
end state

@@@
state:
	pc 5
	memory:
		mem[ 0 ] 8519693
		mem[ 1 ] 8585230
		mem[ 2 ] 8650767
		mem[ 3 ] 8781840
		mem[ 4 ] 19267591
		mem[ 5 ] 6488069
		mem[ 6 ] 7143429
		mem[ 7 ] 17104897
		mem[ 8 ] 1114113
		mem[ 9 ] 1179650
		mem[ 10 ] 2359300
		mem[ 11 ] 16842744
		mem[ 12 ] 25165824
		mem[ 13 ] 32766
		mem[ 14 ] 10383
		mem[ 15 ] 1
		mem[ 16 ] 65536
	registers:
		reg[ 0 ] 0
		reg[ 1 ] 0
		reg[ 2 ] 32766
		reg[ 3 ] 10383
		reg[ 4 ] 1
		reg[ 5 ] 0
		reg[ 6 ] 65536
		reg[ 7 ] 0
end state

@@@
state:
	pc 6
	memory:
		mem[ 0 ] 8519693
		mem[ 1 ] 8585230
		mem[ 2 ] 8650767
		mem[ 3 ] 8781840
		mem[ 4 ] 19267591
		mem[ 5 ] 6488069
		mem[ 6 ] 7143429
		mem[ 7 ] 17104897
		mem[ 8 ] 1114113
		mem[ 9 ] 1179650
		mem[ 10 ] 2359300
		mem[ 11 ] 16842744
		mem[ 12 ] 25165824
		mem[ 13 ] 32766
		mem[ 14 ] 10383
		mem[ 15 ] 1
		mem[ 16 ] 65536
	registers:
		reg[ 0 ] 0
		reg[ 1 ] 0
		reg[ 2 ] 32766
		reg[ 3 ] 10383
		reg[ 4 ] 1
		reg[ 5 ] -2
		reg[ 6 ] 65536
		reg[ 7 ] 0
end state

@@@
state:
	pc 7
	memory:
		mem[ 0 ] 8519693
		mem[ 1 ] 8585230
		mem[ 2 ] 8650767
		mem[ 3 ] 8781840
		mem[ 4 ] 19267591
		mem[ 5 ] 6488069
		mem[ 6 ] 7143429
		mem[ 7 ] 17104897
		mem[ 8 ] 1114113
		mem[ 9 ] 1179650
		mem[ 10 ] 2359300
		mem[ 11 ] 16842744
		mem[ 12 ] 25165824
		mem[ 13 ] 32766
		mem[ 14 ] 10383
		mem[ 15 ] 1
		mem[ 16 ] 65536
	registers:
		reg[ 0 ] 0
		reg[ 1 ] 0
		reg[ 2 ] 32766
		reg[ 3 ] 10383
		reg[ 4 ] 1
		reg[ 5 ] 1
		reg[ 6 ] 65536
		reg[ 7 ] 0
end state

@@@
state:
	pc 8
	memory:
		mem[ 0 ] 8519693
		mem[ 1 ] 8585230
		mem[ 2 ] 8650767
		mem[ 3 ] 8781840
		mem[ 4 ] 19267591
		mem[ 5 ] 6488069
		mem[ 6 ] 7143429
		mem[ 7 ] 17104897
		mem[ 8 ] 1114113
		mem[ 9 ] 1179650
		mem[ 10 ] 2359300
		mem[ 11 ] 16842744
		mem[ 12 ] 25165824
		mem[ 13 ] 32766
		mem[ 14 ] 10383
		mem[ 15 ] 1
		mem[ 16 ] 65536
	registers:
		reg[ 0 ] 0
		reg[ 1 ] 0
		reg[ 2 ] 32766
		reg[ 3 ] 10383
		reg[ 4 ] 1
		reg[ 5 ] 1
		reg[ 6 ] 65536
		reg[ 7 ] 0
end state

@@@
state:
	pc 9
	memory:
		mem[ 0 ] 8519693
		mem[ 1 ] 8585230
		mem[ 2 ] 8650767
		mem[ 3 ] 8781840
		mem[ 4 ] 19267591
		mem[ 5 ] 6488069
		mem[ 6 ] 7143429
		mem[ 7 ] 17104897
		mem[ 8 ] 1114113
		mem[ 9 ] 1179650
		mem[ 10 ] 2359300
		mem[ 11 ] 16842744
		mem[ 12 ] 25165824
		mem[ 13 ] 32766
		mem[ 14 ] 10383
		mem[ 15 ] 1
		mem[ 16 ] 65536
	registers:
		reg[ 0 ] 0
		reg[ 1 ] 32766
		reg[ 2 ] 32766
		reg[ 3 ] 10383
		reg[ 4 ] 1
		reg[ 5 ] 1
		reg[ 6 ] 65536
		reg[ 7 ] 0
end state

@@@
state:
	pc 10
	memory:
		mem[ 0 ] 8519693
		mem[ 1 ] 8585230
		mem[ 2 ] 8650767
		mem[ 3 ] 8781840
		mem[ 4 ] 19267591
		mem[ 5 ] 6488069
		mem[ 6 ] 7143429
		mem[ 7 ] 17104897
		mem[ 8 ] 1114113
		mem[ 9 ] 1179650
		mem[ 10 ] 2359300
		mem[ 11 ] 16842744
		mem[ 12 ] 25165824
		mem[ 13 ] 32766
		mem[ 14 ] 10383
		mem[ 15 ] 1
		mem[ 16 ] 65536
	registers:
		reg[ 0 ] 0
		reg[ 1 ] 32766
		reg[ 2 ] 65532
		reg[ 3 ] 10383
		reg[ 4 ] 1
		reg[ 5 ] 1
		reg[ 6 ] 65536
		reg[ 7 ] 0
end state

@@@
state:
	pc 11
	memory:
		mem[ 0 ] 8519693
		mem[ 1 ] 8585230
		mem[ 2 ] 8650767
		mem[ 3 ] 8781840
		mem[ 4 ] 19267591
		mem[ 5 ] 6488069
		mem[ 6 ] 7143429
		mem[ 7 ] 17104897
		mem[ 8 ] 1114113
		mem[ 9 ] 1179650
		mem[ 10 ] 2359300
		mem[ 11 ] 16842744
		mem[ 12 ] 25165824
		mem[ 13 ] 32766
		mem[ 14 ] 10383
		mem[ 15 ] 1
		mem[ 16 ] 65536
	registers:
		reg[ 0 ] 0
		reg[ 1 ] 32766
		reg[ 2 ] 65532
		reg[ 3 ] 10383
		reg[ 4 ] 2
		reg[ 5 ] 1
		reg[ 6 ] 65536
		reg[ 7 ] 0
end state

@@@
state:
	pc 4
	memory:
		mem[ 0 ] 8519693
		mem[ 1 ] 8585230
		mem[ 2 ] 8650767
		mem[ 3 ] 8781840
		mem[ 4 ] 19267591
		mem[ 5 ] 6488069
		mem[ 6 ] 7143429
		mem[ 7 ] 17104897
		mem[ 8 ] 1114113
		mem[ 9 ] 1179650
		mem[ 10 ] 2359300
		mem[ 11 ] 16842744
		mem[ 12 ] 25165824
		mem[ 13 ] 32766
		mem[ 14 ] 10383
		mem[ 15 ] 1
		mem[ 16 ] 65536
	registers:
		reg[ 0 ] 0
		reg[ 1 ] 32766
		reg[ 2 ] 65532
		reg[ 3 ] 10383
		reg[ 4 ] 2
		reg[ 5 ] 1
		reg[ 6 ] 65536
		reg[ 7 ] 0
end state

@@@
state:
	pc 5
	memory:
		mem[ 0 ] 8519693
		mem[ 1 ] 8585230
		mem[ 2 ] 8650767
		mem[ 3 ] 8781840
		mem[ 4 ] 19267591
		mem[ 5 ] 6488069
		mem[ 6 ] 7143429
		mem[ 7 ] 17104897
		mem[ 8 ] 1114113
		mem[ 9 ] 1179650
		mem[ 10 ] 2359300
		mem[ 11 ] 16842744
		mem[ 12 ] 25165824
		mem[ 13 ] 32766
		mem[ 14 ] 10383
		mem[ 15 ] 1
		mem[ 16 ] 65536
	registers:
		reg[ 0 ] 0
		reg[ 1 ] 32766
		reg[ 2 ] 65532
		reg[ 3 ] 10383
		reg[ 4 ] 2
		reg[ 5 ] 1
		reg[ 6 ] 65536
		reg[ 7 ] 0
end state

@@@
state:
	pc 6
	memory:
		mem[ 0 ] 8519693
		mem[ 1 ] 8585230
		mem[ 2 ] 8650767
		mem[ 3 ] 8781840
		mem[ 4 ] 19267591
		mem[ 5 ] 6488069
		mem[ 6 ] 7143429
		mem[ 7 ] 17104897
		mem[ 8 ] 1114113
		mem[ 9 ] 1179650
		mem[ 10 ] 2359300
		mem[ 11 ] 16842744
		mem[ 12 ] 25165824
		mem[ 13 ] 32766
		mem[ 14 ] 10383
		mem[ 15 ] 1
		mem[ 16 ] 65536
	registers:
		reg[ 0 ] 0
		reg[ 1 ] 32766
		reg[ 2 ] 65532
		reg[ 3 ] 10383
		reg[ 4 ] 2
		reg[ 5 ] -3
		reg[ 6 ] 65536
		reg[ 7 ] 0
end state

@@@
state:
	pc 7
	memory:
		mem[ 0 ] 8519693
		mem[ 1 ] 8585230
		mem[ 2 ] 8650767
		mem[ 3 ] 8781840
		mem[ 4 ] 19267591
		mem[ 5 ] 6488069
		mem[ 6 ] 7143429
		mem[ 7 ] 17104897
		mem[ 8 ] 1114113
		mem[ 9 ] 1179650
		mem[ 10 ] 2359300
		mem[ 11 ] 16842744
		mem[ 12 ] 25165824
		mem[ 13 ] 32766
		mem[ 14 ] 10383
		mem[ 15 ] 1
		mem[ 16 ] 65536
	registers:
		reg[ 0 ] 0
		reg[ 1 ] 32766
		reg[ 2 ] 65532
		reg[ 3 ] 10383
		reg[ 4 ] 2
		reg[ 5 ] 2
		reg[ 6 ] 65536
		reg[ 7 ] 0
end state

@@@
state:
	pc 8
	memory:
		mem[ 0 ] 8519693
		mem[ 1 ] 8585230
		mem[ 2 ] 8650767
		mem[ 3 ] 8781840
		mem[ 4 ] 19267591
		mem[ 5 ] 6488069
		mem[ 6 ] 7143429
		mem[ 7 ] 17104897
		mem[ 8 ] 1114113
		mem[ 9 ] 1179650
		mem[ 10 ] 2359300
		mem[ 11 ] 16842744
		mem[ 12 ] 25165824
		mem[ 13 ] 32766
		mem[ 14 ] 10383
		mem[ 15 ] 1
		mem[ 16 ] 65536
	registers:
		reg[ 0 ] 0
		reg[ 1 ] 32766
		reg[ 2 ] 65532
		reg[ 3 ] 10383
		reg[ 4 ] 2
		reg[ 5 ] 2
		reg[ 6 ] 65536
		reg[ 7 ] 0
end state

@@@
state:
	pc 9
	memory:
		mem[ 0 ] 8519693
		mem[ 1 ] 8585230
		mem[ 2 ] 8650767
		mem[ 3 ] 8781840
		mem[ 4 ] 19267591
		mem[ 5 ] 6488069
		mem[ 6 ] 7143429
		mem[ 7 ] 17104897
		mem[ 8 ] 1114113
		mem[ 9 ] 1179650
		mem[ 10 ] 2359300
		mem[ 11 ] 16842744
		mem[ 12 ] 25165824
		mem[ 13 ] 32766
		mem[ 14 ] 10383
		mem[ 15 ] 1
		mem[ 16 ] 65536
	registers:
		reg[ 0 ] 0
		reg[ 1 ] 98298
		reg[ 2 ] 65532
		reg[ 3 ] 10383
		reg[ 4 ] 2
		reg[ 5 ] 2
		reg[ 6 ] 65536
		reg[ 7 ] 0
end state

@@@
state:
	pc 10
	memory:
		mem[ 0 ] 8519693
		mem[ 1 ] 8585230
		mem[ 2 ] 8650767
		mem[ 3 ] 8781840
		mem[ 4 ] 19267591
		mem[ 5 ] 6488069
		mem[ 6 ] 7143429
		mem[ 7 ] 17104897
		mem[ 8 ] 1114113
		mem[ 9 ] 1179650
		mem[ 10 ] 2359300
		mem[ 11 ] 16842744
		mem[ 12 ] 25165824
		mem[ 13 ] 32766
		mem[ 14 ] 10383
		mem[ 15 ] 1
		mem[ 16 ] 65536
	registers:
		reg[ 0 ] 0
		reg[ 1 ] 98298
		reg[ 2 ] 131064
		reg[ 3 ] 10383
		reg[ 4 ] 2
		reg[ 5 ] 2
		reg[ 6 ] 65536
		reg[ 7 ] 0
end state

@@@
state:
	pc 11
	memory:
		mem[ 0 ] 8519693
		mem[ 1 ] 8585230
		mem[ 2 ] 8650767
		mem[ 3 ] 8781840
		mem[ 4 ] 19267591
		mem[ 5 ] 6488069
		mem[ 6 ] 7143429
		mem[ 7 ] 17104897
		mem[ 8 ] 1114113
		mem[ 9 ] 1179650
		mem[ 10 ] 2359300
		mem[ 11 ] 16842744
		mem[ 12 ] 25165824
		mem[ 13 ] 32766
		mem[ 14 ] 10383
		mem[ 15 ] 1
		mem[ 16 ] 65536
	registers:
		reg[ 0 ] 0
		reg[ 1 ] 98298
		reg[ 2 ] 131064
		reg[ 3 ] 10383
		reg[ 4 ] 4
		reg[ 5 ] 2
		reg[ 6 ] 65536
		reg[ 7 ] 0
end state

@@@
state:
	pc 4
	memory:
		mem[ 0 ] 8519693
		mem[ 1 ] 8585230
		mem[ 2 ] 8650767
		mem[ 3 ] 8781840
		mem[ 4 ] 19267591
		mem[ 5 ] 6488069
		mem[ 6 ] 7143429
		mem[ 7 ] 17104897
		mem[ 8 ] 1114113
		mem[ 9 ] 1179650
		mem[ 10 ] 2359300
		mem[ 11 ] 16842744
		mem[ 12 ] 25165824
		mem[ 13 ] 32766
		mem[ 14 ] 10383
		mem[ 15 ] 1
		mem[ 16 ] 65536
	registers:
		reg[ 0 ] 0
		reg[ 1 ] 98298
		reg[ 2 ] 131064
		reg[ 3 ] 10383
		reg[ 4 ] 4
		reg[ 5 ] 2
		reg[ 6 ] 65536
		reg[ 7 ] 0
end state

@@@
state:
	pc 5
	memory:
		mem[ 0 ] 8519693
		mem[ 1 ] 8585230
		mem[ 2 ] 8650767
		mem[ 3 ] 8781840
		mem[ 4 ] 19267591
		mem[ 5 ] 6488069
		mem[ 6 ] 7143429
		mem[ 7 ] 17104897
		mem[ 8 ] 1114113
		mem[ 9 ] 1179650
		mem[ 10 ] 2359300
		mem[ 11 ] 16842744
		mem[ 12 ] 25165824
		mem[ 13 ] 32766
		mem[ 14 ] 10383
		mem[ 15 ] 1
		mem[ 16 ] 65536
	registers:
		reg[ 0 ] 0
		reg[ 1 ] 98298
		reg[ 2 ] 131064
		reg[ 3 ] 10383
		reg[ 4 ] 4
		reg[ 5 ] 2
		reg[ 6 ] 65536
		reg[ 7 ] 0
end state

@@@
state:
	pc 6
	memory:
		mem[ 0 ] 8519693
		mem[ 1 ] 8585230
		mem[ 2 ] 8650767
		mem[ 3 ] 8781840
		mem[ 4 ] 19267591
		mem[ 5 ] 6488069
		mem[ 6 ] 7143429
		mem[ 7 ] 17104897
		mem[ 8 ] 1114113
		mem[ 9 ] 1179650
		mem[ 10 ] 2359300
		mem[ 11 ] 16842744
		mem[ 12 ] 25165824
		mem[ 13 ] 32766
		mem[ 14 ] 10383
		mem[ 15 ] 1
		mem[ 16 ] 65536
	registers:
		reg[ 0 ] 0
		reg[ 1 ] 98298
		reg[ 2 ] 131064
		reg[ 3 ] 10383
		reg[ 4 ] 4
		reg[ 5 ] -5
		reg[ 6 ] 65536
		reg[ 7 ] 0
end state

@@@
state:
	pc 7
	memory:
		mem[ 0 ] 8519693
		mem[ 1 ] 8585230
		mem[ 2 ] 8650767
		mem[ 3 ] 8781840
		mem[ 4 ] 19267591
		mem[ 5 ] 6488069
		mem[ 6 ] 7143429
		mem[ 7 ] 17104897
		mem[ 8 ] 1114113
		mem[ 9 ] 1179650
		mem[ 10 ] 2359300
		mem[ 11 ] 16842744
		mem[ 12 ] 25165824
		mem[ 13 ] 32766
		mem[ 14 ] 10383
		mem[ 15 ] 1
		mem[ 16 ] 65536
	registers:
		reg[ 0 ] 0
		reg[ 1 ] 98298
		reg[ 2 ] 131064
		reg[ 3 ] 10383
		reg[ 4 ] 4
		reg[ 5 ] 4
		reg[ 6 ] 65536
		reg[ 7 ] 0
end state

@@@
state:
	pc 8
	memory:
		mem[ 0 ] 8519693
		mem[ 1 ] 8585230
		mem[ 2 ] 8650767
		mem[ 3 ] 8781840
		mem[ 4 ] 19267591
		mem[ 5 ] 6488069
		mem[ 6 ] 7143429
		mem[ 7 ] 17104897
		mem[ 8 ] 1114113
		mem[ 9 ] 1179650
		mem[ 10 ] 2359300
		mem[ 11 ] 16842744
		mem[ 12 ] 25165824
		mem[ 13 ] 32766
		mem[ 14 ] 10383
		mem[ 15 ] 1
		mem[ 16 ] 65536
	registers:
		reg[ 0 ] 0
		reg[ 1 ] 98298
		reg[ 2 ] 131064
		reg[ 3 ] 10383
		reg[ 4 ] 4
		reg[ 5 ] 4
		reg[ 6 ] 65536
		reg[ 7 ] 0
end state

@@@
state:
	pc 9
	memory:
		mem[ 0 ] 8519693
		mem[ 1 ] 8585230
		mem[ 2 ] 8650767
		mem[ 3 ] 8781840
		mem[ 4 ] 19267591
		mem[ 5 ] 6488069
		mem[ 6 ] 7143429
		mem[ 7 ] 17104897
		mem[ 8 ] 1114113
		mem[ 9 ] 1179650
		mem[ 10 ] 2359300
		mem[ 11 ] 16842744
		mem[ 12 ] 25165824
		mem[ 13 ] 32766
		mem[ 14 ] 10383
		mem[ 15 ] 1
		mem[ 16 ] 65536
	registers:
		reg[ 0 ] 0
		reg[ 1 ] 229362
		reg[ 2 ] 131064
		reg[ 3 ] 10383
		reg[ 4 ] 4
		reg[ 5 ] 4
		reg[ 6 ] 65536
		reg[ 7 ] 0
end state

@@@
state:
	pc 10
	memory:
		mem[ 0 ] 8519693
		mem[ 1 ] 8585230
		mem[ 2 ] 8650767
		mem[ 3 ] 8781840
		mem[ 4 ] 19267591
		mem[ 5 ] 6488069
		mem[ 6 ] 7143429
		mem[ 7 ] 17104897
		mem[ 8 ] 1114113
		mem[ 9 ] 1179650
		mem[ 10 ] 2359300
		mem[ 11 ] 16842744
		mem[ 12 ] 25165824
		mem[ 13 ] 32766
		mem[ 14 ] 10383
		mem[ 15 ] 1
		mem[ 16 ] 65536
	registers:
		reg[ 0 ] 0
		reg[ 1 ] 229362
		reg[ 2 ] 262128
		reg[ 3 ] 10383
		reg[ 4 ] 4
		reg[ 5 ] 4
		reg[ 6 ] 65536
		reg[ 7 ] 0
end state

@@@
state:
	pc 11
	memory:
		mem[ 0 ] 8519693
		mem[ 1 ] 8585230
		mem[ 2 ] 8650767
		mem[ 3 ] 8781840
		mem[ 4 ] 19267591
		mem[ 5 ] 6488069
		mem[ 6 ] 7143429
		mem[ 7 ] 17104897
		mem[ 8 ] 1114113
		mem[ 9 ] 1179650
		mem[ 10 ] 2359300
		mem[ 11 ] 16842744
		mem[ 12 ] 25165824
		mem[ 13 ] 32766
		mem[ 14 ] 10383
		mem[ 15 ] 1
		mem[ 16 ] 65536
	registers:
		reg[ 0 ] 0
		reg[ 1 ] 229362
		reg[ 2 ] 262128
		reg[ 3 ] 10383
		reg[ 4 ] 8
		reg[ 5 ] 4
		reg[ 6 ] 65536
		reg[ 7 ] 0
end state

@@@
state:
	pc 4
	memory:
		mem[ 0 ] 8519693
		mem[ 1 ] 8585230
		mem[ 2 ] 8650767
		mem[ 3 ] 8781840
		mem[ 4 ] 19267591
		mem[ 5 ] 6488069
		mem[ 6 ] 7143429
		mem[ 7 ] 17104897
		mem[ 8 ] 1114113
		mem[ 9 ] 1179650
		mem[ 10 ] 2359300
		mem[ 11 ] 16842744
		mem[ 12 ] 25165824
		mem[ 13 ] 32766
		mem[ 14 ] 10383
		mem[ 15 ] 1
		mem[ 16 ] 65536
	registers:
		reg[ 0 ] 0
		reg[ 1 ] 229362
		reg[ 2 ] 262128
		reg[ 3 ] 10383
		reg[ 4 ] 8
		reg[ 5 ] 4
		reg[ 6 ] 65536
		reg[ 7 ] 0
end state

@@@
state:
	pc 5
	memory:
		mem[ 0 ] 8519693
		mem[ 1 ] 8585230
		mem[ 2 ] 8650767
		mem[ 3 ] 8781840
		mem[ 4 ] 19267591
		mem[ 5 ] 6488069
		mem[ 6 ] 7143429
		mem[ 7 ] 17104897
		mem[ 8 ] 1114113
		mem[ 9 ] 1179650
		mem[ 10 ] 2359300
		mem[ 11 ] 16842744
		mem[ 12 ] 25165824
		mem[ 13 ] 32766
		mem[ 14 ] 10383
		mem[ 15 ] 1
		mem[ 16 ] 65536
	registers:
		reg[ 0 ] 0
		reg[ 1 ] 229362
		reg[ 2 ] 262128
		reg[ 3 ] 10383
		reg[ 4 ] 8
		reg[ 5 ] 4
		reg[ 6 ] 65536
		reg[ 7 ] 0
end state

@@@
state:
	pc 6
	memory:
		mem[ 0 ] 8519693
		mem[ 1 ] 8585230
		mem[ 2 ] 8650767
		mem[ 3 ] 8781840
		mem[ 4 ] 19267591
		mem[ 5 ] 6488069
		mem[ 6 ] 7143429
		mem[ 7 ] 17104897
		mem[ 8 ] 1114113
		mem[ 9 ] 1179650
		mem[ 10 ] 2359300
		mem[ 11 ] 16842744
		mem[ 12 ] 25165824
		mem[ 13 ] 32766
		mem[ 14 ] 10383
		mem[ 15 ] 1
		mem[ 16 ] 65536
	registers:
		reg[ 0 ] 0
		reg[ 1 ] 229362
		reg[ 2 ] 262128
		reg[ 3 ] 10383
		reg[ 4 ] 8
		reg[ 5 ] -9
		reg[ 6 ] 65536
		reg[ 7 ] 0
end state

@@@
state:
	pc 7
	memory:
		mem[ 0 ] 8519693
		mem[ 1 ] 8585230
		mem[ 2 ] 8650767
		mem[ 3 ] 8781840
		mem[ 4 ] 19267591
		mem[ 5 ] 6488069
		mem[ 6 ] 7143429
		mem[ 7 ] 17104897
		mem[ 8 ] 1114113
		mem[ 9 ] 1179650
		mem[ 10 ] 2359300
		mem[ 11 ] 16842744
		mem[ 12 ] 25165824
		mem[ 13 ] 32766
		mem[ 14 ] 10383
		mem[ 15 ] 1
		mem[ 16 ] 65536
	registers:
		reg[ 0 ] 0
		reg[ 1 ] 229362
		reg[ 2 ] 262128
		reg[ 3 ] 10383
		reg[ 4 ] 8
		reg[ 5 ] 8
		reg[ 6 ] 65536
		reg[ 7 ] 0
end state

@@@
state:
	pc 8
	memory:
		mem[ 0 ] 8519693
		mem[ 1 ] 8585230
		mem[ 2 ] 8650767
		mem[ 3 ] 8781840
		mem[ 4 ] 19267591
		mem[ 5 ] 6488069
		mem[ 6 ] 7143429
		mem[ 7 ] 17104897
		mem[ 8 ] 1114113
		mem[ 9 ] 1179650
		mem[ 10 ] 2359300
		mem[ 11 ] 16842744
		mem[ 12 ] 25165824
		mem[ 13 ] 32766
		mem[ 14 ] 10383
		mem[ 15 ] 1
		mem[ 16 ] 65536
	registers:
		reg[ 0 ] 0
		reg[ 1 ] 229362
		reg[ 2 ] 262128
		reg[ 3 ] 10383
		reg[ 4 ] 8
		reg[ 5 ] 8
		reg[ 6 ] 65536
		reg[ 7 ] 0
end state

@@@
state:
	pc 9
	memory:
		mem[ 0 ] 8519693
		mem[ 1 ] 8585230
		mem[ 2 ] 8650767
		mem[ 3 ] 8781840
		mem[ 4 ] 19267591
		mem[ 5 ] 6488069
		mem[ 6 ] 7143429
		mem[ 7 ] 17104897
		mem[ 8 ] 1114113
		mem[ 9 ] 1179650
		mem[ 10 ] 2359300
		mem[ 11 ] 16842744
		mem[ 12 ] 25165824
		mem[ 13 ] 32766
		mem[ 14 ] 10383
		mem[ 15 ] 1
		mem[ 16 ] 65536
	registers:
		reg[ 0 ] 0
		reg[ 1 ] 491490
		reg[ 2 ] 262128
		reg[ 3 ] 10383
		reg[ 4 ] 8
		reg[ 5 ] 8
		reg[ 6 ] 65536
		reg[ 7 ] 0
end state

@@@
state:
	pc 10
	memory:
		mem[ 0 ] 8519693
		mem[ 1 ] 8585230
		mem[ 2 ] 8650767
		mem[ 3 ] 8781840
		mem[ 4 ] 19267591
		mem[ 5 ] 6488069
		mem[ 6 ] 7143429
		mem[ 7 ] 17104897
		mem[ 8 ] 1114113
		mem[ 9 ] 1179650
		mem[ 10 ] 2359300
		mem[ 11 ] 16842744
		mem[ 12 ] 25165824
		mem[ 13 ] 32766
		mem[ 14 ] 10383
		mem[ 15 ] 1
		mem[ 16 ] 65536
	registers:
		reg[ 0 ] 0
		reg[ 1 ] 491490
		reg[ 2 ] 524256
		reg[ 3 ] 10383
		reg[ 4 ] 8
		reg[ 5 ] 8
		reg[ 6 ] 65536
		reg[ 7 ] 0
end state

@@@
state:
	pc 11
	memory:
		mem[ 0 ] 8519693
		mem[ 1 ] 8585230
		mem[ 2 ] 8650767
		mem[ 3 ] 8781840
		mem[ 4 ] 19267591
		mem[ 5 ] 6488069
		mem[ 6 ] 7143429
		mem[ 7 ] 17104897
		mem[ 8 ] 1114113
		mem[ 9 ] 1179650
		mem[ 10 ] 2359300
		mem[ 11 ] 16842744
		mem[ 12 ] 25165824
		mem[ 13 ] 32766
		mem[ 14 ] 10383
		mem[ 15 ] 1
		mem[ 16 ] 65536
	registers:
		reg[ 0 ] 0
		reg[ 1 ] 491490
		reg[ 2 ] 524256
		reg[ 3 ] 10383
		reg[ 4 ] 16
		reg[ 5 ] 8
		reg[ 6 ] 65536
		reg[ 7 ] 0
end state

@@@
state:
	pc 4
	memory:
		mem[ 0 ] 8519693
		mem[ 1 ] 8585230
		mem[ 2 ] 8650767
		mem[ 3 ] 8781840
		mem[ 4 ] 19267591
		mem[ 5 ] 6488069
		mem[ 6 ] 7143429
		mem[ 7 ] 17104897
		mem[ 8 ] 1114113
		mem[ 9 ] 1179650
		mem[ 10 ] 2359300
		mem[ 11 ] 16842744
		mem[ 12 ] 25165824
		mem[ 13 ] 32766
		mem[ 14 ] 10383
		mem[ 15 ] 1
		mem[ 16 ] 65536
	registers:
		reg[ 0 ] 0
		reg[ 1 ] 491490
		reg[ 2 ] 524256
		reg[ 3 ] 10383
		reg[ 4 ] 16
		reg[ 5 ] 8
		reg[ 6 ] 65536
		reg[ 7 ] 0
end state

@@@
state:
	pc 5
	memory:
		mem[ 0 ] 8519693
		mem[ 1 ] 8585230
		mem[ 2 ] 8650767
		mem[ 3 ] 8781840
		mem[ 4 ] 19267591
		mem[ 5 ] 6488069
		mem[ 6 ] 7143429
		mem[ 7 ] 17104897
		mem[ 8 ] 1114113
		mem[ 9 ] 1179650
		mem[ 10 ] 2359300
		mem[ 11 ] 16842744
		mem[ 12 ] 25165824
		mem[ 13 ] 32766
		mem[ 14 ] 10383
		mem[ 15 ] 1
		mem[ 16 ] 65536
	registers:
		reg[ 0 ] 0
		reg[ 1 ] 491490
		reg[ 2 ] 524256
		reg[ 3 ] 10383
		reg[ 4 ] 16
		reg[ 5 ] 8
		reg[ 6 ] 65536
		reg[ 7 ] 0
end state

@@@
state:
	pc 6
	memory:
		mem[ 0 ] 8519693
		mem[ 1 ] 8585230
		mem[ 2 ] 8650767
		mem[ 3 ] 8781840
		mem[ 4 ] 19267591
		mem[ 5 ] 6488069
		mem[ 6 ] 7143429
		mem[ 7 ] 17104897
		mem[ 8 ] 1114113
		mem[ 9 ] 1179650
		mem[ 10 ] 2359300
		mem[ 11 ] 16842744
		mem[ 12 ] 25165824
		mem[ 13 ] 32766
		mem[ 14 ] 10383
		mem[ 15 ] 1
		mem[ 16 ] 65536
	registers:
		reg[ 0 ] 0
		reg[ 1 ] 491490
		reg[ 2 ] 524256
		reg[ 3 ] 10383
		reg[ 4 ] 16
		reg[ 5 ] -1
		reg[ 6 ] 65536
		reg[ 7 ] 0
end state

@@@
state:
	pc 7
	memory:
		mem[ 0 ] 8519693
		mem[ 1 ] 8585230
		mem[ 2 ] 8650767
		mem[ 3 ] 8781840
		mem[ 4 ] 19267591
		mem[ 5 ] 6488069
		mem[ 6 ] 7143429
		mem[ 7 ] 17104897
		mem[ 8 ] 1114113
		mem[ 9 ] 1179650
		mem[ 10 ] 2359300
		mem[ 11 ] 16842744
		mem[ 12 ] 25165824
		mem[ 13 ] 32766
		mem[ 14 ] 10383
		mem[ 15 ] 1
		mem[ 16 ] 65536
	registers:
		reg[ 0 ] 0
		reg[ 1 ] 491490
		reg[ 2 ] 524256
		reg[ 3 ] 10383
		reg[ 4 ] 16
		reg[ 5 ] 0
		reg[ 6 ] 65536
		reg[ 7 ] 0
end state

@@@
state:
	pc 9
	memory:
		mem[ 0 ] 8519693
		mem[ 1 ] 8585230
		mem[ 2 ] 8650767
		mem[ 3 ] 8781840
		mem[ 4 ] 19267591
		mem[ 5 ] 6488069
		mem[ 6 ] 7143429
		mem[ 7 ] 17104897
		mem[ 8 ] 1114113
		mem[ 9 ] 1179650
		mem[ 10 ] 2359300
		mem[ 11 ] 16842744
		mem[ 12 ] 25165824
		mem[ 13 ] 32766
		mem[ 14 ] 10383
		mem[ 15 ] 1
		mem[ 16 ] 65536
	registers:
		reg[ 0 ] 0
		reg[ 1 ] 491490
		reg[ 2 ] 524256
		reg[ 3 ] 10383
		reg[ 4 ] 16
		reg[ 5 ] 0
		reg[ 6 ] 65536
		reg[ 7 ] 0
end state

@@@
state:
	pc 10
	memory:
		mem[ 0 ] 8519693
		mem[ 1 ] 8585230
		mem[ 2 ] 8650767
		mem[ 3 ] 8781840
		mem[ 4 ] 19267591
		mem[ 5 ] 6488069
		mem[ 6 ] 7143429
		mem[ 7 ] 17104897
		mem[ 8 ] 1114113
		mem[ 9 ] 1179650
		mem[ 10 ] 2359300
		mem[ 11 ] 16842744
		mem[ 12 ] 25165824
		mem[ 13 ] 32766
		mem[ 14 ] 10383
		mem[ 15 ] 1
		mem[ 16 ] 65536
	registers:
		reg[ 0 ] 0
		reg[ 1 ] 491490
		reg[ 2 ] 1048512
		reg[ 3 ] 10383
		reg[ 4 ] 16
		reg[ 5 ] 0
		reg[ 6 ] 65536
		reg[ 7 ] 0
end state

@@@
state:
	pc 11
	memory:
		mem[ 0 ] 8519693
		mem[ 1 ] 8585230
		mem[ 2 ] 8650767
		mem[ 3 ] 8781840
		mem[ 4 ] 19267591
		mem[ 5 ] 6488069
		mem[ 6 ] 7143429
		mem[ 7 ] 17104897
		mem[ 8 ] 1114113
		mem[ 9 ] 1179650
		mem[ 10 ] 2359300
		mem[ 11 ] 16842744
		mem[ 12 ] 25165824
		mem[ 13 ] 32766
		mem[ 14 ] 10383
		mem[ 15 ] 1
		mem[ 16 ] 65536
	registers:
		reg[ 0 ] 0
		reg[ 1 ] 491490
		reg[ 2 ] 1048512
		reg[ 3 ] 10383
		reg[ 4 ] 32
		reg[ 5 ] 0
		reg[ 6 ] 65536
		reg[ 7 ] 0
end state

@@@
state:
	pc 4
	memory:
		mem[ 0 ] 8519693
		mem[ 1 ] 8585230
		mem[ 2 ] 8650767
		mem[ 3 ] 8781840
		mem[ 4 ] 19267591
		mem[ 5 ] 6488069
		mem[ 6 ] 7143429
		mem[ 7 ] 17104897
		mem[ 8 ] 1114113
		mem[ 9 ] 1179650
		mem[ 10 ] 2359300
		mem[ 11 ] 16842744
		mem[ 12 ] 25165824
		mem[ 13 ] 32766
		mem[ 14 ] 10383
		mem[ 15 ] 1
		mem[ 16 ] 65536
	registers:
		reg[ 0 ] 0
		reg[ 1 ] 491490
		reg[ 2 ] 1048512
		reg[ 3 ] 10383
		reg[ 4 ] 32
		reg[ 5 ] 0
		reg[ 6 ] 65536
		reg[ 7 ] 0
end state

@@@
state:
	pc 5
	memory:
		mem[ 0 ] 8519693
		mem[ 1 ] 8585230
		mem[ 2 ] 8650767
		mem[ 3 ] 8781840
		mem[ 4 ] 19267591
		mem[ 5 ] 6488069
		mem[ 6 ] 7143429
		mem[ 7 ] 17104897
		mem[ 8 ] 1114113
		mem[ 9 ] 1179650
		mem[ 10 ] 2359300
		mem[ 11 ] 16842744
		mem[ 12 ] 25165824
		mem[ 13 ] 32766
		mem[ 14 ] 10383
		mem[ 15 ] 1
		mem[ 16 ] 65536
	registers:
		reg[ 0 ] 0
		reg[ 1 ] 491490
		reg[ 2 ] 1048512
		reg[ 3 ] 10383
		reg[ 4 ] 32
		reg[ 5 ] 0
		reg[ 6 ] 65536
		reg[ 7 ] 0
end state

@@@
state:
	pc 6
	memory:
		mem[ 0 ] 8519693
		mem[ 1 ] 8585230
		mem[ 2 ] 8650767
		mem[ 3 ] 8781840
		mem[ 4 ] 19267591
		mem[ 5 ] 6488069
		mem[ 6 ] 7143429
		mem[ 7 ] 17104897
		mem[ 8 ] 1114113
		mem[ 9 ] 1179650
		mem[ 10 ] 2359300
		mem[ 11 ] 16842744
		mem[ 12 ] 25165824
		mem[ 13 ] 32766
		mem[ 14 ] 10383
		mem[ 15 ] 1
		mem[ 16 ] 65536
	registers:
		reg[ 0 ] 0
		reg[ 1 ] 491490
		reg[ 2 ] 1048512
		reg[ 3 ] 10383
		reg[ 4 ] 32
		reg[ 5 ] -1
		reg[ 6 ] 65536
		reg[ 7 ] 0
end state

@@@
state:
	pc 7
	memory:
		mem[ 0 ] 8519693
		mem[ 1 ] 8585230
		mem[ 2 ] 8650767
		mem[ 3 ] 8781840
		mem[ 4 ] 19267591
		mem[ 5 ] 6488069
		mem[ 6 ] 7143429
		mem[ 7 ] 17104897
		mem[ 8 ] 1114113
		mem[ 9 ] 1179650
		mem[ 10 ] 2359300
		mem[ 11 ] 16842744
		mem[ 12 ] 25165824
		mem[ 13 ] 32766
		mem[ 14 ] 10383
		mem[ 15 ] 1
		mem[ 16 ] 65536
	registers:
		reg[ 0 ] 0
		reg[ 1 ] 491490
		reg[ 2 ] 1048512
		reg[ 3 ] 10383
		reg[ 4 ] 32
		reg[ 5 ] 0
		reg[ 6 ] 65536
		reg[ 7 ] 0
end state

@@@
state:
	pc 9
	memory:
		mem[ 0 ] 8519693
		mem[ 1 ] 8585230
		mem[ 2 ] 8650767
		mem[ 3 ] 8781840
		mem[ 4 ] 19267591
		mem[ 5 ] 6488069
		mem[ 6 ] 7143429
		mem[ 7 ] 17104897
		mem[ 8 ] 1114113
		mem[ 9 ] 1179650
		mem[ 10 ] 2359300
		mem[ 11 ] 16842744
		mem[ 12 ] 25165824
		mem[ 13 ] 32766
		mem[ 14 ] 10383
		mem[ 15 ] 1
		mem[ 16 ] 65536
	registers:
		reg[ 0 ] 0
		reg[ 1 ] 491490
		reg[ 2 ] 1048512
		reg[ 3 ] 10383
		reg[ 4 ] 32
		reg[ 5 ] 0
		reg[ 6 ] 65536
		reg[ 7 ] 0
end state

@@@
state:
	pc 10
	memory:
		mem[ 0 ] 8519693
		mem[ 1 ] 8585230
		mem[ 2 ] 8650767
		mem[ 3 ] 8781840
		mem[ 4 ] 19267591
		mem[ 5 ] 6488069
		mem[ 6 ] 7143429
		mem[ 7 ] 17104897
		mem[ 8 ] 1114113
		mem[ 9 ] 1179650
		mem[ 10 ] 2359300
		mem[ 11 ] 16842744
		mem[ 12 ] 25165824
		mem[ 13 ] 32766
		mem[ 14 ] 10383
		mem[ 15 ] 1
		mem[ 16 ] 65536
	registers:
		reg[ 0 ] 0
		reg[ 1 ] 491490
		reg[ 2 ] 2097024
		reg[ 3 ] 10383
		reg[ 4 ] 32
		reg[ 5 ] 0
		reg[ 6 ] 65536
		reg[ 7 ] 0
end state

@@@
state:
	pc 11
	memory:
		mem[ 0 ] 8519693
		mem[ 1 ] 8585230
		mem[ 2 ] 8650767
		mem[ 3 ] 8781840
		mem[ 4 ] 19267591
		mem[ 5 ] 6488069
		mem[ 6 ] 7143429
		mem[ 7 ] 17104897
		mem[ 8 ] 1114113
		mem[ 9 ] 1179650
		mem[ 10 ] 2359300
		mem[ 11 ] 16842744
		mem[ 12 ] 25165824
		mem[ 13 ] 32766
		mem[ 14 ] 10383
		mem[ 15 ] 1
		mem[ 16 ] 65536
	registers:
		reg[ 0 ] 0
		reg[ 1 ] 491490
		reg[ 2 ] 2097024
		reg[ 3 ] 10383
		reg[ 4 ] 64
		reg[ 5 ] 0
		reg[ 6 ] 65536
		reg[ 7 ] 0
end state

@@@
state:
	pc 4
	memory:
		mem[ 0 ] 8519693
		mem[ 1 ] 8585230
		mem[ 2 ] 8650767
		mem[ 3 ] 8781840
		mem[ 4 ] 19267591
		mem[ 5 ] 6488069
		mem[ 6 ] 7143429
		mem[ 7 ] 17104897
		mem[ 8 ] 1114113
		mem[ 9 ] 1179650
		mem[ 10 ] 2359300
		mem[ 11 ] 16842744
		mem[ 12 ] 25165824
		mem[ 13 ] 32766
		mem[ 14 ] 10383
		mem[ 15 ] 1
		mem[ 16 ] 65536
	registers:
		reg[ 0 ] 0
		reg[ 1 ] 491490
		reg[ 2 ] 2097024
		reg[ 3 ] 10383
		reg[ 4 ] 64
		reg[ 5 ] 0
		reg[ 6 ] 65536
		reg[ 7 ] 0
end state

@@@
state:
	pc 5
	memory:
		mem[ 0 ] 8519693
		mem[ 1 ] 8585230
		mem[ 2 ] 8650767
		mem[ 3 ] 8781840
		mem[ 4 ] 19267591
		mem[ 5 ] 6488069
		mem[ 6 ] 7143429
		mem[ 7 ] 17104897
		mem[ 8 ] 1114113
		mem[ 9 ] 1179650
		mem[ 10 ] 2359300
		mem[ 11 ] 16842744
		mem[ 12 ] 25165824
		mem[ 13 ] 32766
		mem[ 14 ] 10383
		mem[ 15 ] 1
		mem[ 16 ] 65536
	registers:
		reg[ 0 ] 0
		reg[ 1 ] 491490
		reg[ 2 ] 2097024
		reg[ 3 ] 10383
		reg[ 4 ] 64
		reg[ 5 ] 0
		reg[ 6 ] 65536
		reg[ 7 ] 0
end state

@@@
state:
	pc 6
	memory:
		mem[ 0 ] 8519693
		mem[ 1 ] 8585230
		mem[ 2 ] 8650767
		mem[ 3 ] 8781840
		mem[ 4 ] 19267591
		mem[ 5 ] 6488069
		mem[ 6 ] 7143429
		mem[ 7 ] 17104897
		mem[ 8 ] 1114113
		mem[ 9 ] 1179650
		mem[ 10 ] 2359300
		mem[ 11 ] 16842744
		mem[ 12 ] 25165824
		mem[ 13 ] 32766
		mem[ 14 ] 10383
		mem[ 15 ] 1
		mem[ 16 ] 65536
	registers:
		reg[ 0 ] 0
		reg[ 1 ] 491490
		reg[ 2 ] 2097024
		reg[ 3 ] 10383
		reg[ 4 ] 64
		reg[ 5 ] -1
		reg[ 6 ] 65536
		reg[ 7 ] 0
end state

@@@
state:
	pc 7
	memory:
		mem[ 0 ] 8519693
		mem[ 1 ] 8585230
		mem[ 2 ] 8650767
		mem[ 3 ] 8781840
		mem[ 4 ] 19267591
		mem[ 5 ] 6488069
		mem[ 6 ] 7143429
		mem[ 7 ] 17104897
		mem[ 8 ] 1114113
		mem[ 9 ] 1179650
		mem[ 10 ] 2359300
		mem[ 11 ] 16842744
		mem[ 12 ] 25165824
		mem[ 13 ] 32766
		mem[ 14 ] 10383
		mem[ 15 ] 1
		mem[ 16 ] 65536
	registers:
		reg[ 0 ] 0
		reg[ 1 ] 491490
		reg[ 2 ] 2097024
		reg[ 3 ] 10383
		reg[ 4 ] 64
		reg[ 5 ] 0
		reg[ 6 ] 65536
		reg[ 7 ] 0
end state

@@@
state:
	pc 9
	memory:
		mem[ 0 ] 8519693
		mem[ 1 ] 8585230
		mem[ 2 ] 8650767
		mem[ 3 ] 8781840
		mem[ 4 ] 19267591
		mem[ 5 ] 6488069
		mem[ 6 ] 7143429
		mem[ 7 ] 17104897
		mem[ 8 ] 1114113
		mem[ 9 ] 1179650
		mem[ 10 ] 2359300
		mem[ 11 ] 16842744
		mem[ 12 ] 25165824
		mem[ 13 ] 32766
		mem[ 14 ] 10383
		mem[ 15 ] 1
		mem[ 16 ] 65536
	registers:
		reg[ 0 ] 0
		reg[ 1 ] 491490
		reg[ 2 ] 2097024
		reg[ 3 ] 10383
		reg[ 4 ] 64
		reg[ 5 ] 0
		reg[ 6 ] 65536
		reg[ 7 ] 0
end state

@@@
state:
	pc 10
	memory:
		mem[ 0 ] 8519693
		mem[ 1 ] 8585230
		mem[ 2 ] 8650767
		mem[ 3 ] 8781840
		mem[ 4 ] 19267591
		mem[ 5 ] 6488069
		mem[ 6 ] 7143429
		mem[ 7 ] 17104897
		mem[ 8 ] 1114113
		mem[ 9 ] 1179650
		mem[ 10 ] 2359300
		mem[ 11 ] 16842744
		mem[ 12 ] 25165824
		mem[ 13 ] 32766
		mem[ 14 ] 10383
		mem[ 15 ] 1
		mem[ 16 ] 65536
	registers:
		reg[ 0 ] 0
		reg[ 1 ] 491490
		reg[ 2 ] 4194048
		reg[ 3 ] 10383
		reg[ 4 ] 64
		reg[ 5 ] 0
		reg[ 6 ] 65536
		reg[ 7 ] 0
end state

@@@
state:
	pc 11
	memory:
		mem[ 0 ] 8519693
		mem[ 1 ] 8585230
		mem[ 2 ] 8650767
		mem[ 3 ] 8781840
		mem[ 4 ] 19267591
		mem[ 5 ] 6488069
		mem[ 6 ] 7143429
		mem[ 7 ] 17104897
		mem[ 8 ] 1114113
		mem[ 9 ] 1179650
		mem[ 10 ] 2359300
		mem[ 11 ] 16842744
		mem[ 12 ] 25165824
		mem[ 13 ] 32766
		mem[ 14 ] 10383
		mem[ 15 ] 1
		mem[ 16 ] 65536
	registers:
		reg[ 0 ] 0
		reg[ 1 ] 491490
		reg[ 2 ] 4194048
		reg[ 3 ] 10383
		reg[ 4 ] 128
		reg[ 5 ] 0
		reg[ 6 ] 65536
		reg[ 7 ] 0
end state

@@@
state:
	pc 4
	memory:
		mem[ 0 ] 8519693
		mem[ 1 ] 8585230
		mem[ 2 ] 8650767
		mem[ 3 ] 8781840
		mem[ 4 ] 19267591
		mem[ 5 ] 6488069
		mem[ 6 ] 7143429
		mem[ 7 ] 17104897
		mem[ 8 ] 1114113
		mem[ 9 ] 1179650
		mem[ 10 ] 2359300
		mem[ 11 ] 16842744
		mem[ 12 ] 25165824
		mem[ 13 ] 32766
		mem[ 14 ] 10383
		mem[ 15 ] 1
		mem[ 16 ] 65536
	registers:
		reg[ 0 ] 0
		reg[ 1 ] 491490
		reg[ 2 ] 4194048
		reg[ 3 ] 10383
		reg[ 4 ] 128
		reg[ 5 ] 0
		reg[ 6 ] 65536
		reg[ 7 ] 0
end state

@@@
state:
	pc 5
	memory:
		mem[ 0 ] 8519693
		mem[ 1 ] 8585230
		mem[ 2 ] 8650767
		mem[ 3 ] 8781840
		mem[ 4 ] 19267591
		mem[ 5 ] 6488069
		mem[ 6 ] 7143429
		mem[ 7 ] 17104897
		mem[ 8 ] 1114113
		mem[ 9 ] 1179650
		mem[ 10 ] 2359300
		mem[ 11 ] 16842744
		mem[ 12 ] 25165824
		mem[ 13 ] 32766
		mem[ 14 ] 10383
		mem[ 15 ] 1
		mem[ 16 ] 65536
	registers:
		reg[ 0 ] 0
		reg[ 1 ] 491490
		reg[ 2 ] 4194048
		reg[ 3 ] 10383
		reg[ 4 ] 128
		reg[ 5 ] 0
		reg[ 6 ] 65536
		reg[ 7 ] 0
end state

@@@
state:
	pc 6
	memory:
		mem[ 0 ] 8519693
		mem[ 1 ] 8585230
		mem[ 2 ] 8650767
		mem[ 3 ] 8781840
		mem[ 4 ] 19267591
		mem[ 5 ] 6488069
		mem[ 6 ] 7143429
		mem[ 7 ] 17104897
		mem[ 8 ] 1114113
		mem[ 9 ] 1179650
		mem[ 10 ] 2359300
		mem[ 11 ] 16842744
		mem[ 12 ] 25165824
		mem[ 13 ] 32766
		mem[ 14 ] 10383
		mem[ 15 ] 1
		mem[ 16 ] 65536
	registers:
		reg[ 0 ] 0
		reg[ 1 ] 491490
		reg[ 2 ] 4194048
		reg[ 3 ] 10383
		reg[ 4 ] 128
		reg[ 5 ] -129
		reg[ 6 ] 65536
		reg[ 7 ] 0
end state

@@@
state:
	pc 7
	memory:
		mem[ 0 ] 8519693
		mem[ 1 ] 8585230
		mem[ 2 ] 8650767
		mem[ 3 ] 8781840
		mem[ 4 ] 19267591
		mem[ 5 ] 6488069
		mem[ 6 ] 7143429
		mem[ 7 ] 17104897
		mem[ 8 ] 1114113
		mem[ 9 ] 1179650
		mem[ 10 ] 2359300
		mem[ 11 ] 16842744
		mem[ 12 ] 25165824
		mem[ 13 ] 32766
		mem[ 14 ] 10383
		mem[ 15 ] 1
		mem[ 16 ] 65536
	registers:
		reg[ 0 ] 0
		reg[ 1 ] 491490
		reg[ 2 ] 4194048
		reg[ 3 ] 10383
		reg[ 4 ] 128
		reg[ 5 ] 128
		reg[ 6 ] 65536
		reg[ 7 ] 0
end state

@@@
state:
	pc 8
	memory:
		mem[ 0 ] 8519693
		mem[ 1 ] 8585230
		mem[ 2 ] 8650767
		mem[ 3 ] 8781840
		mem[ 4 ] 19267591
		mem[ 5 ] 6488069
		mem[ 6 ] 7143429
		mem[ 7 ] 17104897
		mem[ 8 ] 1114113
		mem[ 9 ] 1179650
		mem[ 10 ] 2359300
		mem[ 11 ] 16842744
		mem[ 12 ] 25165824
		mem[ 13 ] 32766
		mem[ 14 ] 10383
		mem[ 15 ] 1
		mem[ 16 ] 65536
	registers:
		reg[ 0 ] 0
		reg[ 1 ] 491490
		reg[ 2 ] 4194048
		reg[ 3 ] 10383
		reg[ 4 ] 128
		reg[ 5 ] 128
		reg[ 6 ] 65536
		reg[ 7 ] 0
end state

@@@
state:
	pc 9
	memory:
		mem[ 0 ] 8519693
		mem[ 1 ] 8585230
		mem[ 2 ] 8650767
		mem[ 3 ] 8781840
		mem[ 4 ] 19267591
		mem[ 5 ] 6488069
		mem[ 6 ] 7143429
		mem[ 7 ] 17104897
		mem[ 8 ] 1114113
		mem[ 9 ] 1179650
		mem[ 10 ] 2359300
		mem[ 11 ] 16842744
		mem[ 12 ] 25165824
		mem[ 13 ] 32766
		mem[ 14 ] 10383
		mem[ 15 ] 1
		mem[ 16 ] 65536
	registers:
		reg[ 0 ] 0
		reg[ 1 ] 4685538
		reg[ 2 ] 4194048
		reg[ 3 ] 10383
		reg[ 4 ] 128
		reg[ 5 ] 128
		reg[ 6 ] 65536
		reg[ 7 ] 0
end state

@@@
state:
	pc 10
	memory:
		mem[ 0 ] 8519693
		mem[ 1 ] 8585230
		mem[ 2 ] 8650767
		mem[ 3 ] 8781840
		mem[ 4 ] 19267591
		mem[ 5 ] 6488069
		mem[ 6 ] 7143429
		mem[ 7 ] 17104897
		mem[ 8 ] 1114113
		mem[ 9 ] 1179650
		mem[ 10 ] 2359300
		mem[ 11 ] 16842744
		mem[ 12 ] 25165824
		mem[ 13 ] 32766
		mem[ 14 ] 10383
		mem[ 15 ] 1
		mem[ 16 ] 65536
	registers:
		reg[ 0 ] 0
		reg[ 1 ] 4685538
		reg[ 2 ] 8388096
		reg[ 3 ] 10383
		reg[ 4 ] 128
		reg[ 5 ] 128
		reg[ 6 ] 65536
		reg[ 7 ] 0
end state

@@@
state:
	pc 11
	memory:
		mem[ 0 ] 8519693
		mem[ 1 ] 8585230
		mem[ 2 ] 8650767
		mem[ 3 ] 8781840
		mem[ 4 ] 19267591
		mem[ 5 ] 6488069
		mem[ 6 ] 7143429
		mem[ 7 ] 17104897
		mem[ 8 ] 1114113
		mem[ 9 ] 1179650
		mem[ 10 ] 2359300
		mem[ 11 ] 16842744
		mem[ 12 ] 25165824
		mem[ 13 ] 32766
		mem[ 14 ] 10383
		mem[ 15 ] 1
		mem[ 16 ] 65536
	registers:
		reg[ 0 ] 0
		reg[ 1 ] 4685538
		reg[ 2 ] 8388096
		reg[ 3 ] 10383
		reg[ 4 ] 256
		reg[ 5 ] 128
		reg[ 6 ] 65536
		reg[ 7 ] 0
end state

@@@
state:
	pc 4
	memory:
		mem[ 0 ] 8519693
		mem[ 1 ] 8585230
		mem[ 2 ] 8650767
		mem[ 3 ] 8781840
		mem[ 4 ] 19267591
		mem[ 5 ] 6488069
		mem[ 6 ] 7143429
		mem[ 7 ] 17104897
		mem[ 8 ] 1114113
		mem[ 9 ] 1179650
		mem[ 10 ] 2359300
		mem[ 11 ] 16842744
		mem[ 12 ] 25165824
		mem[ 13 ] 32766
		mem[ 14 ] 10383
		mem[ 15 ] 1
		mem[ 16 ] 65536
	registers:
		reg[ 0 ] 0
		reg[ 1 ] 4685538
		reg[ 2 ] 8388096
		reg[ 3 ] 10383
		reg[ 4 ] 256
		reg[ 5 ] 128
		reg[ 6 ] 65536
		reg[ 7 ] 0
end state

@@@
state:
	pc 5
	memory:
		mem[ 0 ] 8519693
		mem[ 1 ] 8585230
		mem[ 2 ] 8650767
		mem[ 3 ] 8781840
		mem[ 4 ] 19267591
		mem[ 5 ] 6488069
		mem[ 6 ] 7143429
		mem[ 7 ] 17104897
		mem[ 8 ] 1114113
		mem[ 9 ] 1179650
		mem[ 10 ] 2359300
		mem[ 11 ] 16842744
		mem[ 12 ] 25165824
		mem[ 13 ] 32766
		mem[ 14 ] 10383
		mem[ 15 ] 1
		mem[ 16 ] 65536
	registers:
		reg[ 0 ] 0
		reg[ 1 ] 4685538
		reg[ 2 ] 8388096
		reg[ 3 ] 10383
		reg[ 4 ] 256
		reg[ 5 ] 128
		reg[ 6 ] 65536
		reg[ 7 ] 0
end state

@@@
state:
	pc 6
	memory:
		mem[ 0 ] 8519693
		mem[ 1 ] 8585230
		mem[ 2 ] 8650767
		mem[ 3 ] 8781840
		mem[ 4 ] 19267591
		mem[ 5 ] 6488069
		mem[ 6 ] 7143429
		mem[ 7 ] 17104897
		mem[ 8 ] 1114113
		mem[ 9 ] 1179650
		mem[ 10 ] 2359300
		mem[ 11 ] 16842744
		mem[ 12 ] 25165824
		mem[ 13 ] 32766
		mem[ 14 ] 10383
		mem[ 15 ] 1
		mem[ 16 ] 65536
	registers:
		reg[ 0 ] 0
		reg[ 1 ] 4685538
		reg[ 2 ] 8388096
		reg[ 3 ] 10383
		reg[ 4 ] 256
		reg[ 5 ] -1
		reg[ 6 ] 65536
		reg[ 7 ] 0
end state

@@@
state:
	pc 7
	memory:
		mem[ 0 ] 8519693
		mem[ 1 ] 8585230
		mem[ 2 ] 8650767
		mem[ 3 ] 8781840
		mem[ 4 ] 19267591
		mem[ 5 ] 6488069
		mem[ 6 ] 7143429
		mem[ 7 ] 17104897
		mem[ 8 ] 1114113
		mem[ 9 ] 1179650
		mem[ 10 ] 2359300
		mem[ 11 ] 16842744
		mem[ 12 ] 25165824
		mem[ 13 ] 32766
		mem[ 14 ] 10383
		mem[ 15 ] 1
		mem[ 16 ] 65536
	registers:
		reg[ 0 ] 0
		reg[ 1 ] 4685538
		reg[ 2 ] 8388096
		reg[ 3 ] 10383
		reg[ 4 ] 256
		reg[ 5 ] 0
		reg[ 6 ] 65536
		reg[ 7 ] 0
end state

@@@
state:
	pc 9
	memory:
		mem[ 0 ] 8519693
		mem[ 1 ] 8585230
		mem[ 2 ] 8650767
		mem[ 3 ] 8781840
		mem[ 4 ] 19267591
		mem[ 5 ] 6488069
		mem[ 6 ] 7143429
		mem[ 7 ] 17104897
		mem[ 8 ] 1114113
		mem[ 9 ] 1179650
		mem[ 10 ] 2359300
		mem[ 11 ] 16842744
		mem[ 12 ] 25165824
		mem[ 13 ] 32766
		mem[ 14 ] 10383
		mem[ 15 ] 1
		mem[ 16 ] 65536
	registers:
		reg[ 0 ] 0
		reg[ 1 ] 4685538
		reg[ 2 ] 8388096
		reg[ 3 ] 10383
		reg[ 4 ] 256
		reg[ 5 ] 0
		reg[ 6 ] 65536
		reg[ 7 ] 0
end state

@@@
state:
	pc 10
	memory:
		mem[ 0 ] 8519693
		mem[ 1 ] 8585230
		mem[ 2 ] 8650767
		mem[ 3 ] 8781840
		mem[ 4 ] 19267591
		mem[ 5 ] 6488069
		mem[ 6 ] 7143429
		mem[ 7 ] 17104897
		mem[ 8 ] 1114113
		mem[ 9 ] 1179650
		mem[ 10 ] 2359300
		mem[ 11 ] 16842744
		mem[ 12 ] 25165824
		mem[ 13 ] 32766
		mem[ 14 ] 10383
		mem[ 15 ] 1
		mem[ 16 ] 65536
	registers:
		reg[ 0 ] 0
		reg[ 1 ] 4685538
		reg[ 2 ] 16776192
		reg[ 3 ] 10383
		reg[ 4 ] 256
		reg[ 5 ] 0
		reg[ 6 ] 65536
		reg[ 7 ] 0
end state

@@@
state:
	pc 11
	memory:
		mem[ 0 ] 8519693
		mem[ 1 ] 8585230
		mem[ 2 ] 8650767
		mem[ 3 ] 8781840
		mem[ 4 ] 19267591
		mem[ 5 ] 6488069
		mem[ 6 ] 7143429
		mem[ 7 ] 17104897
		mem[ 8 ] 1114113
		mem[ 9 ] 1179650
		mem[ 10 ] 2359300
		mem[ 11 ] 16842744
		mem[ 12 ] 25165824
		mem[ 13 ] 32766
		mem[ 14 ] 10383
		mem[ 15 ] 1
		mem[ 16 ] 65536
	registers:
		reg[ 0 ] 0
		reg[ 1 ] 4685538
		reg[ 2 ] 16776192
		reg[ 3 ] 10383
		reg[ 4 ] 512
		reg[ 5 ] 0
		reg[ 6 ] 65536
		reg[ 7 ] 0
end state

@@@
state:
	pc 4
	memory:
		mem[ 0 ] 8519693
		mem[ 1 ] 8585230
		mem[ 2 ] 8650767
		mem[ 3 ] 8781840
		mem[ 4 ] 19267591
		mem[ 5 ] 6488069
		mem[ 6 ] 7143429
		mem[ 7 ] 17104897
		mem[ 8 ] 1114113
		mem[ 9 ] 1179650
		mem[ 10 ] 2359300
		mem[ 11 ] 16842744
		mem[ 12 ] 25165824
		mem[ 13 ] 32766
		mem[ 14 ] 10383
		mem[ 15 ] 1
		mem[ 16 ] 65536
	registers:
		reg[ 0 ] 0
		reg[ 1 ] 4685538
		reg[ 2 ] 16776192
		reg[ 3 ] 10383
		reg[ 4 ] 512
		reg[ 5 ] 0
		reg[ 6 ] 65536
		reg[ 7 ] 0
end state

@@@
state:
	pc 5
	memory:
		mem[ 0 ] 8519693
		mem[ 1 ] 8585230
		mem[ 2 ] 8650767
		mem[ 3 ] 8781840
		mem[ 4 ] 19267591
		mem[ 5 ] 6488069
		mem[ 6 ] 7143429
		mem[ 7 ] 17104897
		mem[ 8 ] 1114113
		mem[ 9 ] 1179650
		mem[ 10 ] 2359300
		mem[ 11 ] 16842744
		mem[ 12 ] 25165824
		mem[ 13 ] 32766
		mem[ 14 ] 10383
		mem[ 15 ] 1
		mem[ 16 ] 65536
	registers:
		reg[ 0 ] 0
		reg[ 1 ] 4685538
		reg[ 2 ] 16776192
		reg[ 3 ] 10383
		reg[ 4 ] 512
		reg[ 5 ] 0
		reg[ 6 ] 65536
		reg[ 7 ] 0
end state

@@@
state:
	pc 6
	memory:
		mem[ 0 ] 8519693
		mem[ 1 ] 8585230
		mem[ 2 ] 8650767
		mem[ 3 ] 8781840
		mem[ 4 ] 19267591
		mem[ 5 ] 6488069
		mem[ 6 ] 7143429
		mem[ 7 ] 17104897
		mem[ 8 ] 1114113
		mem[ 9 ] 1179650
		mem[ 10 ] 2359300
		mem[ 11 ] 16842744
		mem[ 12 ] 25165824
		mem[ 13 ] 32766
		mem[ 14 ] 10383
		mem[ 15 ] 1
		mem[ 16 ] 65536
	registers:
		reg[ 0 ] 0
		reg[ 1 ] 4685538
		reg[ 2 ] 16776192
		reg[ 3 ] 10383
		reg[ 4 ] 512
		reg[ 5 ] -1
		reg[ 6 ] 65536
		reg[ 7 ] 0
end state

@@@
state:
	pc 7
	memory:
		mem[ 0 ] 8519693
		mem[ 1 ] 8585230
		mem[ 2 ] 8650767
		mem[ 3 ] 8781840
		mem[ 4 ] 19267591
		mem[ 5 ] 6488069
		mem[ 6 ] 7143429
		mem[ 7 ] 17104897
		mem[ 8 ] 1114113
		mem[ 9 ] 1179650
		mem[ 10 ] 2359300
		mem[ 11 ] 16842744
		mem[ 12 ] 25165824
		mem[ 13 ] 32766
		mem[ 14 ] 10383
		mem[ 15 ] 1
		mem[ 16 ] 65536
	registers:
		reg[ 0 ] 0
		reg[ 1 ] 4685538
		reg[ 2 ] 16776192
		reg[ 3 ] 10383
		reg[ 4 ] 512
		reg[ 5 ] 0
		reg[ 6 ] 65536
		reg[ 7 ] 0
end state

@@@
state:
	pc 9
	memory:
		mem[ 0 ] 8519693
		mem[ 1 ] 8585230
		mem[ 2 ] 8650767
		mem[ 3 ] 8781840
		mem[ 4 ] 19267591
		mem[ 5 ] 6488069
		mem[ 6 ] 7143429
		mem[ 7 ] 17104897
		mem[ 8 ] 1114113
		mem[ 9 ] 1179650
		mem[ 10 ] 2359300
		mem[ 11 ] 16842744
		mem[ 12 ] 25165824
		mem[ 13 ] 32766
		mem[ 14 ] 10383
		mem[ 15 ] 1
		mem[ 16 ] 65536
	registers:
		reg[ 0 ] 0
		reg[ 1 ] 4685538
		reg[ 2 ] 16776192
		reg[ 3 ] 10383
		reg[ 4 ] 512
		reg[ 5 ] 0
		reg[ 6 ] 65536
		reg[ 7 ] 0
end state

@@@
state:
	pc 10
	memory:
		mem[ 0 ] 8519693
		mem[ 1 ] 8585230
		mem[ 2 ] 8650767
		mem[ 3 ] 8781840
		mem[ 4 ] 19267591
		mem[ 5 ] 6488069
		mem[ 6 ] 7143429
		mem[ 7 ] 17104897
		mem[ 8 ] 1114113
		mem[ 9 ] 1179650
		mem[ 10 ] 2359300
		mem[ 11 ] 16842744
		mem[ 12 ] 25165824
		mem[ 13 ] 32766
		mem[ 14 ] 10383
		mem[ 15 ] 1
		mem[ 16 ] 65536
	registers:
		reg[ 0 ] 0
		reg[ 1 ] 4685538
		reg[ 2 ] 33552384
		reg[ 3 ] 10383
		reg[ 4 ] 512
		reg[ 5 ] 0
		reg[ 6 ] 65536
		reg[ 7 ] 0
end state

@@@
state:
	pc 11
	memory:
		mem[ 0 ] 8519693
		mem[ 1 ] 8585230
		mem[ 2 ] 8650767
		mem[ 3 ] 8781840
		mem[ 4 ] 19267591
		mem[ 5 ] 6488069
		mem[ 6 ] 7143429
		mem[ 7 ] 17104897
		mem[ 8 ] 1114113
		mem[ 9 ] 1179650
		mem[ 10 ] 2359300
		mem[ 11 ] 16842744
		mem[ 12 ] 25165824
		mem[ 13 ] 32766
		mem[ 14 ] 10383
		mem[ 15 ] 1
		mem[ 16 ] 65536
	registers:
		reg[ 0 ] 0
		reg[ 1 ] 4685538
		reg[ 2 ] 33552384
		reg[ 3 ] 10383
		reg[ 4 ] 1024
		reg[ 5 ] 0
		reg[ 6 ] 65536
		reg[ 7 ] 0
end state

@@@
state:
	pc 4
	memory:
		mem[ 0 ] 8519693
		mem[ 1 ] 8585230
		mem[ 2 ] 8650767
		mem[ 3 ] 8781840
		mem[ 4 ] 19267591
		mem[ 5 ] 6488069
		mem[ 6 ] 7143429
		mem[ 7 ] 17104897
		mem[ 8 ] 1114113
		mem[ 9 ] 1179650
		mem[ 10 ] 2359300
		mem[ 11 ] 16842744
		mem[ 12 ] 25165824
		mem[ 13 ] 32766
		mem[ 14 ] 10383
		mem[ 15 ] 1
		mem[ 16 ] 65536
	registers:
		reg[ 0 ] 0
		reg[ 1 ] 4685538
		reg[ 2 ] 33552384
		reg[ 3 ] 10383
		reg[ 4 ] 1024
		reg[ 5 ] 0
		reg[ 6 ] 65536
		reg[ 7 ] 0
end state

@@@
state:
	pc 5
	memory:
		mem[ 0 ] 8519693
		mem[ 1 ] 8585230
		mem[ 2 ] 8650767
		mem[ 3 ] 8781840
		mem[ 4 ] 19267591
		mem[ 5 ] 6488069
		mem[ 6 ] 7143429
		mem[ 7 ] 17104897
		mem[ 8 ] 1114113
		mem[ 9 ] 1179650
		mem[ 10 ] 2359300
		mem[ 11 ] 16842744
		mem[ 12 ] 25165824
		mem[ 13 ] 32766
		mem[ 14 ] 10383
		mem[ 15 ] 1
		mem[ 16 ] 65536
	registers:
		reg[ 0 ] 0
		reg[ 1 ] 4685538
		reg[ 2 ] 33552384
		reg[ 3 ] 10383
		reg[ 4 ] 1024
		reg[ 5 ] 0
		reg[ 6 ] 65536
		reg[ 7 ] 0
end state

@@@
state:
	pc 6
	memory:
		mem[ 0 ] 8519693
		mem[ 1 ] 8585230
		mem[ 2 ] 8650767
		mem[ 3 ] 8781840
		mem[ 4 ] 19267591
		mem[ 5 ] 6488069
		mem[ 6 ] 7143429
		mem[ 7 ] 17104897
		mem[ 8 ] 1114113
		mem[ 9 ] 1179650
		mem[ 10 ] 2359300
		mem[ 11 ] 16842744
		mem[ 12 ] 25165824
		mem[ 13 ] 32766
		mem[ 14 ] 10383
		mem[ 15 ] 1
		mem[ 16 ] 65536
	registers:
		reg[ 0 ] 0
		reg[ 1 ] 4685538
		reg[ 2 ] 33552384
		reg[ 3 ] 10383
		reg[ 4 ] 1024
		reg[ 5 ] -1
		reg[ 6 ] 65536
		reg[ 7 ] 0
end state

@@@
state:
	pc 7
	memory:
		mem[ 0 ] 8519693
		mem[ 1 ] 8585230
		mem[ 2 ] 8650767
		mem[ 3 ] 8781840
		mem[ 4 ] 19267591
		mem[ 5 ] 6488069
		mem[ 6 ] 7143429
		mem[ 7 ] 17104897
		mem[ 8 ] 1114113
		mem[ 9 ] 1179650
		mem[ 10 ] 2359300
		mem[ 11 ] 16842744
		mem[ 12 ] 25165824
		mem[ 13 ] 32766
		mem[ 14 ] 10383
		mem[ 15 ] 1
		mem[ 16 ] 65536
	registers:
		reg[ 0 ] 0
		reg[ 1 ] 4685538
		reg[ 2 ] 33552384
		reg[ 3 ] 10383
		reg[ 4 ] 1024
		reg[ 5 ] 0
		reg[ 6 ] 65536
		reg[ 7 ] 0
end state

@@@
state:
	pc 9
	memory:
		mem[ 0 ] 8519693
		mem[ 1 ] 8585230
		mem[ 2 ] 8650767
		mem[ 3 ] 8781840
		mem[ 4 ] 19267591
		mem[ 5 ] 6488069
		mem[ 6 ] 7143429
		mem[ 7 ] 17104897
		mem[ 8 ] 1114113
		mem[ 9 ] 1179650
		mem[ 10 ] 2359300
		mem[ 11 ] 16842744
		mem[ 12 ] 25165824
		mem[ 13 ] 32766
		mem[ 14 ] 10383
		mem[ 15 ] 1
		mem[ 16 ] 65536
	registers:
		reg[ 0 ] 0
		reg[ 1 ] 4685538
		reg[ 2 ] 33552384
		reg[ 3 ] 10383
		reg[ 4 ] 1024
		reg[ 5 ] 0
		reg[ 6 ] 65536
		reg[ 7 ] 0
end state

@@@
state:
	pc 10
	memory:
		mem[ 0 ] 8519693
		mem[ 1 ] 8585230
		mem[ 2 ] 8650767
		mem[ 3 ] 8781840
		mem[ 4 ] 19267591
		mem[ 5 ] 6488069
		mem[ 6 ] 7143429
		mem[ 7 ] 17104897
		mem[ 8 ] 1114113
		mem[ 9 ] 1179650
		mem[ 10 ] 2359300
		mem[ 11 ] 16842744
		mem[ 12 ] 25165824
		mem[ 13 ] 32766
		mem[ 14 ] 10383
		mem[ 15 ] 1
		mem[ 16 ] 65536
	registers:
		reg[ 0 ] 0
		reg[ 1 ] 4685538
		reg[ 2 ] 67104768
		reg[ 3 ] 10383
		reg[ 4 ] 1024
		reg[ 5 ] 0
		reg[ 6 ] 65536
		reg[ 7 ] 0
end state

@@@
state:
	pc 11
	memory:
		mem[ 0 ] 8519693
		mem[ 1 ] 8585230
		mem[ 2 ] 8650767
		mem[ 3 ] 8781840
		mem[ 4 ] 19267591
		mem[ 5 ] 6488069
		mem[ 6 ] 7143429
		mem[ 7 ] 17104897
		mem[ 8 ] 1114113
		mem[ 9 ] 1179650
		mem[ 10 ] 2359300
		mem[ 11 ] 16842744
		mem[ 12 ] 25165824
		mem[ 13 ] 32766
		mem[ 14 ] 10383
		mem[ 15 ] 1
		mem[ 16 ] 65536
	registers:
		reg[ 0 ] 0
		reg[ 1 ] 4685538
		reg[ 2 ] 67104768
		reg[ 3 ] 10383
		reg[ 4 ] 2048
		reg[ 5 ] 0
		reg[ 6 ] 65536
		reg[ 7 ] 0
end state

@@@
state:
	pc 4
	memory:
		mem[ 0 ] 8519693
		mem[ 1 ] 8585230
		mem[ 2 ] 8650767
		mem[ 3 ] 8781840
		mem[ 4 ] 19267591
		mem[ 5 ] 6488069
		mem[ 6 ] 7143429
		mem[ 7 ] 17104897
		mem[ 8 ] 1114113
		mem[ 9 ] 1179650
		mem[ 10 ] 2359300
		mem[ 11 ] 16842744
		mem[ 12 ] 25165824
		mem[ 13 ] 32766
		mem[ 14 ] 10383
		mem[ 15 ] 1
		mem[ 16 ] 65536
	registers:
		reg[ 0 ] 0
		reg[ 1 ] 4685538
		reg[ 2 ] 67104768
		reg[ 3 ] 10383
		reg[ 4 ] 2048
		reg[ 5 ] 0
		reg[ 6 ] 65536
		reg[ 7 ] 0
end state

@@@
state:
	pc 5
	memory:
		mem[ 0 ] 8519693
		mem[ 1 ] 8585230
		mem[ 2 ] 8650767
		mem[ 3 ] 8781840
		mem[ 4 ] 19267591
		mem[ 5 ] 6488069
		mem[ 6 ] 7143429
		mem[ 7 ] 17104897
		mem[ 8 ] 1114113
		mem[ 9 ] 1179650
		mem[ 10 ] 2359300
		mem[ 11 ] 16842744
		mem[ 12 ] 25165824
		mem[ 13 ] 32766
		mem[ 14 ] 10383
		mem[ 15 ] 1
		mem[ 16 ] 65536
	registers:
		reg[ 0 ] 0
		reg[ 1 ] 4685538
		reg[ 2 ] 67104768
		reg[ 3 ] 10383
		reg[ 4 ] 2048
		reg[ 5 ] 0
		reg[ 6 ] 65536
		reg[ 7 ] 0
end state

@@@
state:
	pc 6
	memory:
		mem[ 0 ] 8519693
		mem[ 1 ] 8585230
		mem[ 2 ] 8650767
		mem[ 3 ] 8781840
		mem[ 4 ] 19267591
		mem[ 5 ] 6488069
		mem[ 6 ] 7143429
		mem[ 7 ] 17104897
		mem[ 8 ] 1114113
		mem[ 9 ] 1179650
		mem[ 10 ] 2359300
		mem[ 11 ] 16842744
		mem[ 12 ] 25165824
		mem[ 13 ] 32766
		mem[ 14 ] 10383
		mem[ 15 ] 1
		mem[ 16 ] 65536
	registers:
		reg[ 0 ] 0
		reg[ 1 ] 4685538
		reg[ 2 ] 67104768
		reg[ 3 ] 10383
		reg[ 4 ] 2048
		reg[ 5 ] -2049
		reg[ 6 ] 65536
		reg[ 7 ] 0
end state

@@@
state:
	pc 7
	memory:
		mem[ 0 ] 8519693
		mem[ 1 ] 8585230
		mem[ 2 ] 8650767
		mem[ 3 ] 8781840
		mem[ 4 ] 19267591
		mem[ 5 ] 6488069
		mem[ 6 ] 7143429
		mem[ 7 ] 17104897
		mem[ 8 ] 1114113
		mem[ 9 ] 1179650
		mem[ 10 ] 2359300
		mem[ 11 ] 16842744
		mem[ 12 ] 25165824
		mem[ 13 ] 32766
		mem[ 14 ] 10383
		mem[ 15 ] 1
		mem[ 16 ] 65536
	registers:
		reg[ 0 ] 0
		reg[ 1 ] 4685538
		reg[ 2 ] 67104768
		reg[ 3 ] 10383
		reg[ 4 ] 2048
		reg[ 5 ] 2048
		reg[ 6 ] 65536
		reg[ 7 ] 0
end state

@@@
state:
	pc 8
	memory:
		mem[ 0 ] 8519693
		mem[ 1 ] 8585230
		mem[ 2 ] 8650767
		mem[ 3 ] 8781840
		mem[ 4 ] 19267591
		mem[ 5 ] 6488069
		mem[ 6 ] 7143429
		mem[ 7 ] 17104897
		mem[ 8 ] 1114113
		mem[ 9 ] 1179650
		mem[ 10 ] 2359300
		mem[ 11 ] 16842744
		mem[ 12 ] 25165824
		mem[ 13 ] 32766
		mem[ 14 ] 10383
		mem[ 15 ] 1
		mem[ 16 ] 65536
	registers:
		reg[ 0 ] 0
		reg[ 1 ] 4685538
		reg[ 2 ] 67104768
		reg[ 3 ] 10383
		reg[ 4 ] 2048
		reg[ 5 ] 2048
		reg[ 6 ] 65536
		reg[ 7 ] 0
end state

@@@
state:
	pc 9
	memory:
		mem[ 0 ] 8519693
		mem[ 1 ] 8585230
		mem[ 2 ] 8650767
		mem[ 3 ] 8781840
		mem[ 4 ] 19267591
		mem[ 5 ] 6488069
		mem[ 6 ] 7143429
		mem[ 7 ] 17104897
		mem[ 8 ] 1114113
		mem[ 9 ] 1179650
		mem[ 10 ] 2359300
		mem[ 11 ] 16842744
		mem[ 12 ] 25165824
		mem[ 13 ] 32766
		mem[ 14 ] 10383
		mem[ 15 ] 1
		mem[ 16 ] 65536
	registers:
		reg[ 0 ] 0
		reg[ 1 ] 71790306
		reg[ 2 ] 67104768
		reg[ 3 ] 10383
		reg[ 4 ] 2048
		reg[ 5 ] 2048
		reg[ 6 ] 65536
		reg[ 7 ] 0
end state

@@@
state:
	pc 10
	memory:
		mem[ 0 ] 8519693
		mem[ 1 ] 8585230
		mem[ 2 ] 8650767
		mem[ 3 ] 8781840
		mem[ 4 ] 19267591
		mem[ 5 ] 6488069
		mem[ 6 ] 7143429
		mem[ 7 ] 17104897
		mem[ 8 ] 1114113
		mem[ 9 ] 1179650
		mem[ 10 ] 2359300
		mem[ 11 ] 16842744
		mem[ 12 ] 25165824
		mem[ 13 ] 32766
		mem[ 14 ] 10383
		mem[ 15 ] 1
		mem[ 16 ] 65536
	registers:
		reg[ 0 ] 0
		reg[ 1 ] 71790306
		reg[ 2 ] 134209536
		reg[ 3 ] 10383
		reg[ 4 ] 2048
		reg[ 5 ] 2048
		reg[ 6 ] 65536
		reg[ 7 ] 0
end state

@@@
state:
	pc 11
	memory:
		mem[ 0 ] 8519693
		mem[ 1 ] 8585230
		mem[ 2 ] 8650767
		mem[ 3 ] 8781840
		mem[ 4 ] 19267591
		mem[ 5 ] 6488069
		mem[ 6 ] 7143429
		mem[ 7 ] 17104897
		mem[ 8 ] 1114113
		mem[ 9 ] 1179650
		mem[ 10 ] 2359300
		mem[ 11 ] 16842744
		mem[ 12 ] 25165824
		mem[ 13 ] 32766
		mem[ 14 ] 10383
		mem[ 15 ] 1
		mem[ 16 ] 65536
	registers:
		reg[ 0 ] 0
		reg[ 1 ] 71790306
		reg[ 2 ] 134209536
		reg[ 3 ] 10383
		reg[ 4 ] 4096
		reg[ 5 ] 2048
		reg[ 6 ] 65536
		reg[ 7 ] 0
end state

@@@
state:
	pc 4
	memory:
		mem[ 0 ] 8519693
		mem[ 1 ] 8585230
		mem[ 2 ] 8650767
		mem[ 3 ] 8781840
		mem[ 4 ] 19267591
		mem[ 5 ] 6488069
		mem[ 6 ] 7143429
		mem[ 7 ] 17104897
		mem[ 8 ] 1114113
		mem[ 9 ] 1179650
		mem[ 10 ] 2359300
		mem[ 11 ] 16842744
		mem[ 12 ] 25165824
		mem[ 13 ] 32766
		mem[ 14 ] 10383
		mem[ 15 ] 1
		mem[ 16 ] 65536
	registers:
		reg[ 0 ] 0
		reg[ 1 ] 71790306
		reg[ 2 ] 134209536
		reg[ 3 ] 10383
		reg[ 4 ] 4096
		reg[ 5 ] 2048
		reg[ 6 ] 65536
		reg[ 7 ] 0
end state

@@@
state:
	pc 5
	memory:
		mem[ 0 ] 8519693
		mem[ 1 ] 8585230
		mem[ 2 ] 8650767
		mem[ 3 ] 8781840
		mem[ 4 ] 19267591
		mem[ 5 ] 6488069
		mem[ 6 ] 7143429
		mem[ 7 ] 17104897
		mem[ 8 ] 1114113
		mem[ 9 ] 1179650
		mem[ 10 ] 2359300
		mem[ 11 ] 16842744
		mem[ 12 ] 25165824
		mem[ 13 ] 32766
		mem[ 14 ] 10383
		mem[ 15 ] 1
		mem[ 16 ] 65536
	registers:
		reg[ 0 ] 0
		reg[ 1 ] 71790306
		reg[ 2 ] 134209536
		reg[ 3 ] 10383
		reg[ 4 ] 4096
		reg[ 5 ] 2048
		reg[ 6 ] 65536
		reg[ 7 ] 0
end state

@@@
state:
	pc 6
	memory:
		mem[ 0 ] 8519693
		mem[ 1 ] 8585230
		mem[ 2 ] 8650767
		mem[ 3 ] 8781840
		mem[ 4 ] 19267591
		mem[ 5 ] 6488069
		mem[ 6 ] 7143429
		mem[ 7 ] 17104897
		mem[ 8 ] 1114113
		mem[ 9 ] 1179650
		mem[ 10 ] 2359300
		mem[ 11 ] 16842744
		mem[ 12 ] 25165824
		mem[ 13 ] 32766
		mem[ 14 ] 10383
		mem[ 15 ] 1
		mem[ 16 ] 65536
	registers:
		reg[ 0 ] 0
		reg[ 1 ] 71790306
		reg[ 2 ] 134209536
		reg[ 3 ] 10383
		reg[ 4 ] 4096
		reg[ 5 ] -1
		reg[ 6 ] 65536
		reg[ 7 ] 0
end state

@@@
state:
	pc 7
	memory:
		mem[ 0 ] 8519693
		mem[ 1 ] 8585230
		mem[ 2 ] 8650767
		mem[ 3 ] 8781840
		mem[ 4 ] 19267591
		mem[ 5 ] 6488069
		mem[ 6 ] 7143429
		mem[ 7 ] 17104897
		mem[ 8 ] 1114113
		mem[ 9 ] 1179650
		mem[ 10 ] 2359300
		mem[ 11 ] 16842744
		mem[ 12 ] 25165824
		mem[ 13 ] 32766
		mem[ 14 ] 10383
		mem[ 15 ] 1
		mem[ 16 ] 65536
	registers:
		reg[ 0 ] 0
		reg[ 1 ] 71790306
		reg[ 2 ] 134209536
		reg[ 3 ] 10383
		reg[ 4 ] 4096
		reg[ 5 ] 0
		reg[ 6 ] 65536
		reg[ 7 ] 0
end state

@@@
state:
	pc 9
	memory:
		mem[ 0 ] 8519693
		mem[ 1 ] 8585230
		mem[ 2 ] 8650767
		mem[ 3 ] 8781840
		mem[ 4 ] 19267591
		mem[ 5 ] 6488069
		mem[ 6 ] 7143429
		mem[ 7 ] 17104897
		mem[ 8 ] 1114113
		mem[ 9 ] 1179650
		mem[ 10 ] 2359300
		mem[ 11 ] 16842744
		mem[ 12 ] 25165824
		mem[ 13 ] 32766
		mem[ 14 ] 10383
		mem[ 15 ] 1
		mem[ 16 ] 65536
	registers:
		reg[ 0 ] 0
		reg[ 1 ] 71790306
		reg[ 2 ] 134209536
		reg[ 3 ] 10383
		reg[ 4 ] 4096
		reg[ 5 ] 0
		reg[ 6 ] 65536
		reg[ 7 ] 0
end state

@@@
state:
	pc 10
	memory:
		mem[ 0 ] 8519693
		mem[ 1 ] 8585230
		mem[ 2 ] 8650767
		mem[ 3 ] 8781840
		mem[ 4 ] 19267591
		mem[ 5 ] 6488069
		mem[ 6 ] 7143429
		mem[ 7 ] 17104897
		mem[ 8 ] 1114113
		mem[ 9 ] 1179650
		mem[ 10 ] 2359300
		mem[ 11 ] 16842744
		mem[ 12 ] 25165824
		mem[ 13 ] 32766
		mem[ 14 ] 10383
		mem[ 15 ] 1
		mem[ 16 ] 65536
	registers:
		reg[ 0 ] 0
		reg[ 1 ] 71790306
		reg[ 2 ] 268419072
		reg[ 3 ] 10383
		reg[ 4 ] 4096
		reg[ 5 ] 0
		reg[ 6 ] 65536
		reg[ 7 ] 0
end state

@@@
state:
	pc 11
	memory:
		mem[ 0 ] 8519693
		mem[ 1 ] 8585230
		mem[ 2 ] 8650767
		mem[ 3 ] 8781840
		mem[ 4 ] 19267591
		mem[ 5 ] 6488069
		mem[ 6 ] 7143429
		mem[ 7 ] 17104897
		mem[ 8 ] 1114113
		mem[ 9 ] 1179650
		mem[ 10 ] 2359300
		mem[ 11 ] 16842744
		mem[ 12 ] 25165824
		mem[ 13 ] 32766
		mem[ 14 ] 10383
		mem[ 15 ] 1
		mem[ 16 ] 65536
	registers:
		reg[ 0 ] 0
		reg[ 1 ] 71790306
		reg[ 2 ] 268419072
		reg[ 3 ] 10383
		reg[ 4 ] 8192
		reg[ 5 ] 0
		reg[ 6 ] 65536
		reg[ 7 ] 0
end state

@@@
state:
	pc 4
	memory:
		mem[ 0 ] 8519693
		mem[ 1 ] 8585230
		mem[ 2 ] 8650767
		mem[ 3 ] 8781840
		mem[ 4 ] 19267591
		mem[ 5 ] 6488069
		mem[ 6 ] 7143429
		mem[ 7 ] 17104897
		mem[ 8 ] 1114113
		mem[ 9 ] 1179650
		mem[ 10 ] 2359300
		mem[ 11 ] 16842744
		mem[ 12 ] 25165824
		mem[ 13 ] 32766
		mem[ 14 ] 10383
		mem[ 15 ] 1
		mem[ 16 ] 65536
	registers:
		reg[ 0 ] 0
		reg[ 1 ] 71790306
		reg[ 2 ] 268419072
		reg[ 3 ] 10383
		reg[ 4 ] 8192
		reg[ 5 ] 0
		reg[ 6 ] 65536
		reg[ 7 ] 0
end state

@@@
state:
	pc 5
	memory:
		mem[ 0 ] 8519693
		mem[ 1 ] 8585230
		mem[ 2 ] 8650767
		mem[ 3 ] 8781840
		mem[ 4 ] 19267591
		mem[ 5 ] 6488069
		mem[ 6 ] 7143429
		mem[ 7 ] 17104897
		mem[ 8 ] 1114113
		mem[ 9 ] 1179650
		mem[ 10 ] 2359300
		mem[ 11 ] 16842744
		mem[ 12 ] 25165824
		mem[ 13 ] 32766
		mem[ 14 ] 10383
		mem[ 15 ] 1
		mem[ 16 ] 65536
	registers:
		reg[ 0 ] 0
		reg[ 1 ] 71790306
		reg[ 2 ] 268419072
		reg[ 3 ] 10383
		reg[ 4 ] 8192
		reg[ 5 ] 0
		reg[ 6 ] 65536
		reg[ 7 ] 0
end state

@@@
state:
	pc 6
	memory:
		mem[ 0 ] 8519693
		mem[ 1 ] 8585230
		mem[ 2 ] 8650767
		mem[ 3 ] 8781840
		mem[ 4 ] 19267591
		mem[ 5 ] 6488069
		mem[ 6 ] 7143429
		mem[ 7 ] 17104897
		mem[ 8 ] 1114113
		mem[ 9 ] 1179650
		mem[ 10 ] 2359300
		mem[ 11 ] 16842744
		mem[ 12 ] 25165824
		mem[ 13 ] 32766
		mem[ 14 ] 10383
		mem[ 15 ] 1
		mem[ 16 ] 65536
	registers:
		reg[ 0 ] 0
		reg[ 1 ] 71790306
		reg[ 2 ] 268419072
		reg[ 3 ] 10383
		reg[ 4 ] 8192
		reg[ 5 ] -8193
		reg[ 6 ] 65536
		reg[ 7 ] 0
end state

@@@
state:
	pc 7
	memory:
		mem[ 0 ] 8519693
		mem[ 1 ] 8585230
		mem[ 2 ] 8650767
		mem[ 3 ] 8781840
		mem[ 4 ] 19267591
		mem[ 5 ] 6488069
		mem[ 6 ] 7143429
		mem[ 7 ] 17104897
		mem[ 8 ] 1114113
		mem[ 9 ] 1179650
		mem[ 10 ] 2359300
		mem[ 11 ] 16842744
		mem[ 12 ] 25165824
		mem[ 13 ] 32766
		mem[ 14 ] 10383
		mem[ 15 ] 1
		mem[ 16 ] 65536
	registers:
		reg[ 0 ] 0
		reg[ 1 ] 71790306
		reg[ 2 ] 268419072
		reg[ 3 ] 10383
		reg[ 4 ] 8192
		reg[ 5 ] 8192
		reg[ 6 ] 65536
		reg[ 7 ] 0
end state

@@@
state:
	pc 8
	memory:
		mem[ 0 ] 8519693
		mem[ 1 ] 8585230
		mem[ 2 ] 8650767
		mem[ 3 ] 8781840
		mem[ 4 ] 19267591
		mem[ 5 ] 6488069
		mem[ 6 ] 7143429
		mem[ 7 ] 17104897
		mem[ 8 ] 1114113
		mem[ 9 ] 1179650
		mem[ 10 ] 2359300
		mem[ 11 ] 16842744
		mem[ 12 ] 25165824
		mem[ 13 ] 32766
		mem[ 14 ] 10383
		mem[ 15 ] 1
		mem[ 16 ] 65536
	registers:
		reg[ 0 ] 0
		reg[ 1 ] 71790306
		reg[ 2 ] 268419072
		reg[ 3 ] 10383
		reg[ 4 ] 8192
		reg[ 5 ] 8192
		reg[ 6 ] 65536
		reg[ 7 ] 0
end state

@@@
state:
	pc 9
	memory:
		mem[ 0 ] 8519693
		mem[ 1 ] 8585230
		mem[ 2 ] 8650767
		mem[ 3 ] 8781840
		mem[ 4 ] 19267591
		mem[ 5 ] 6488069
		mem[ 6 ] 7143429
		mem[ 7 ] 17104897
		mem[ 8 ] 1114113
		mem[ 9 ] 1179650
		mem[ 10 ] 2359300
		mem[ 11 ] 16842744
		mem[ 12 ] 25165824
		mem[ 13 ] 32766
		mem[ 14 ] 10383
		mem[ 15 ] 1
		mem[ 16 ] 65536
	registers:
		reg[ 0 ] 0
		reg[ 1 ] 340209378
		reg[ 2 ] 268419072
		reg[ 3 ] 10383
		reg[ 4 ] 8192
		reg[ 5 ] 8192
		reg[ 6 ] 65536
		reg[ 7 ] 0
end state

@@@
state:
	pc 10
	memory:
		mem[ 0 ] 8519693
		mem[ 1 ] 8585230
		mem[ 2 ] 8650767
		mem[ 3 ] 8781840
		mem[ 4 ] 19267591
		mem[ 5 ] 6488069
		mem[ 6 ] 7143429
		mem[ 7 ] 17104897
		mem[ 8 ] 1114113
		mem[ 9 ] 1179650
		mem[ 10 ] 2359300
		mem[ 11 ] 16842744
		mem[ 12 ] 25165824
		mem[ 13 ] 32766
		mem[ 14 ] 10383
		mem[ 15 ] 1
		mem[ 16 ] 65536
	registers:
		reg[ 0 ] 0
		reg[ 1 ] 340209378
		reg[ 2 ] 536838144
		reg[ 3 ] 10383
		reg[ 4 ] 8192
		reg[ 5 ] 8192
		reg[ 6 ] 65536
		reg[ 7 ] 0
end state

@@@
state:
	pc 11
	memory:
		mem[ 0 ] 8519693
		mem[ 1 ] 8585230
		mem[ 2 ] 8650767
		mem[ 3 ] 8781840
		mem[ 4 ] 19267591
		mem[ 5 ] 6488069
		mem[ 6 ] 7143429
		mem[ 7 ] 17104897
		mem[ 8 ] 1114113
		mem[ 9 ] 1179650
		mem[ 10 ] 2359300
		mem[ 11 ] 16842744
		mem[ 12 ] 25165824
		mem[ 13 ] 32766
		mem[ 14 ] 10383
		mem[ 15 ] 1
		mem[ 16 ] 65536
	registers:
		reg[ 0 ] 0
		reg[ 1 ] 340209378
		reg[ 2 ] 536838144
		reg[ 3 ] 10383
		reg[ 4 ] 16384
		reg[ 5 ] 8192
		reg[ 6 ] 65536
		reg[ 7 ] 0
end state

@@@
state:
	pc 4
	memory:
		mem[ 0 ] 8519693
		mem[ 1 ] 8585230
		mem[ 2 ] 8650767
		mem[ 3 ] 8781840
		mem[ 4 ] 19267591
		mem[ 5 ] 6488069
		mem[ 6 ] 7143429
		mem[ 7 ] 17104897
		mem[ 8 ] 1114113
		mem[ 9 ] 1179650
		mem[ 10 ] 2359300
		mem[ 11 ] 16842744
		mem[ 12 ] 25165824
		mem[ 13 ] 32766
		mem[ 14 ] 10383
		mem[ 15 ] 1
		mem[ 16 ] 65536
	registers:
		reg[ 0 ] 0
		reg[ 1 ] 340209378
		reg[ 2 ] 536838144
		reg[ 3 ] 10383
		reg[ 4 ] 16384
		reg[ 5 ] 8192
		reg[ 6 ] 65536
		reg[ 7 ] 0
end state

@@@
state:
	pc 5
	memory:
		mem[ 0 ] 8519693
		mem[ 1 ] 8585230
		mem[ 2 ] 8650767
		mem[ 3 ] 8781840
		mem[ 4 ] 19267591
		mem[ 5 ] 6488069
		mem[ 6 ] 7143429
		mem[ 7 ] 17104897
		mem[ 8 ] 1114113
		mem[ 9 ] 1179650
		mem[ 10 ] 2359300
		mem[ 11 ] 16842744
		mem[ 12 ] 25165824
		mem[ 13 ] 32766
		mem[ 14 ] 10383
		mem[ 15 ] 1
		mem[ 16 ] 65536
	registers:
		reg[ 0 ] 0
		reg[ 1 ] 340209378
		reg[ 2 ] 536838144
		reg[ 3 ] 10383
		reg[ 4 ] 16384
		reg[ 5 ] 8192
		reg[ 6 ] 65536
		reg[ 7 ] 0
end state

@@@
state:
	pc 6
	memory:
		mem[ 0 ] 8519693
		mem[ 1 ] 8585230
		mem[ 2 ] 8650767
		mem[ 3 ] 8781840
		mem[ 4 ] 19267591
		mem[ 5 ] 6488069
		mem[ 6 ] 7143429
		mem[ 7 ] 17104897
		mem[ 8 ] 1114113
		mem[ 9 ] 1179650
		mem[ 10 ] 2359300
		mem[ 11 ] 16842744
		mem[ 12 ] 25165824
		mem[ 13 ] 32766
		mem[ 14 ] 10383
		mem[ 15 ] 1
		mem[ 16 ] 65536
	registers:
		reg[ 0 ] 0
		reg[ 1 ] 340209378
		reg[ 2 ] 536838144
		reg[ 3 ] 10383
		reg[ 4 ] 16384
		reg[ 5 ] -1
		reg[ 6 ] 65536
		reg[ 7 ] 0
end state

@@@
state:
	pc 7
	memory:
		mem[ 0 ] 8519693
		mem[ 1 ] 8585230
		mem[ 2 ] 8650767
		mem[ 3 ] 8781840
		mem[ 4 ] 19267591
		mem[ 5 ] 6488069
		mem[ 6 ] 7143429
		mem[ 7 ] 17104897
		mem[ 8 ] 1114113
		mem[ 9 ] 1179650
		mem[ 10 ] 2359300
		mem[ 11 ] 16842744
		mem[ 12 ] 25165824
		mem[ 13 ] 32766
		mem[ 14 ] 10383
		mem[ 15 ] 1
		mem[ 16 ] 65536
	registers:
		reg[ 0 ] 0
		reg[ 1 ] 340209378
		reg[ 2 ] 536838144
		reg[ 3 ] 10383
		reg[ 4 ] 16384
		reg[ 5 ] 0
		reg[ 6 ] 65536
		reg[ 7 ] 0
end state

@@@
state:
	pc 9
	memory:
		mem[ 0 ] 8519693
		mem[ 1 ] 8585230
		mem[ 2 ] 8650767
		mem[ 3 ] 8781840
		mem[ 4 ] 19267591
		mem[ 5 ] 6488069
		mem[ 6 ] 7143429
		mem[ 7 ] 17104897
		mem[ 8 ] 1114113
		mem[ 9 ] 1179650
		mem[ 10 ] 2359300
		mem[ 11 ] 16842744
		mem[ 12 ] 25165824
		mem[ 13 ] 32766
		mem[ 14 ] 10383
		mem[ 15 ] 1
		mem[ 16 ] 65536
	registers:
		reg[ 0 ] 0
		reg[ 1 ] 340209378
		reg[ 2 ] 536838144
		reg[ 3 ] 10383
		reg[ 4 ] 16384
		reg[ 5 ] 0
		reg[ 6 ] 65536
		reg[ 7 ] 0
end state

@@@
state:
	pc 10
	memory:
		mem[ 0 ] 8519693
		mem[ 1 ] 8585230
		mem[ 2 ] 8650767
		mem[ 3 ] 8781840
		mem[ 4 ] 19267591
		mem[ 5 ] 6488069
		mem[ 6 ] 7143429
		mem[ 7 ] 17104897
		mem[ 8 ] 1114113
		mem[ 9 ] 1179650
		mem[ 10 ] 2359300
		mem[ 11 ] 16842744
		mem[ 12 ] 25165824
		mem[ 13 ] 32766
		mem[ 14 ] 10383
		mem[ 15 ] 1
		mem[ 16 ] 65536
	registers:
		reg[ 0 ] 0
		reg[ 1 ] 340209378
		reg[ 2 ] 1073676288
		reg[ 3 ] 10383
		reg[ 4 ] 16384
		reg[ 5 ] 0
		reg[ 6 ] 65536
		reg[ 7 ] 0
end state

@@@
state:
	pc 11
	memory:
		mem[ 0 ] 8519693
		mem[ 1 ] 8585230
		mem[ 2 ] 8650767
		mem[ 3 ] 8781840
		mem[ 4 ] 19267591
		mem[ 5 ] 6488069
		mem[ 6 ] 7143429
		mem[ 7 ] 17104897
		mem[ 8 ] 1114113
		mem[ 9 ] 1179650
		mem[ 10 ] 2359300
		mem[ 11 ] 16842744
		mem[ 12 ] 25165824
		mem[ 13 ] 32766
		mem[ 14 ] 10383
		mem[ 15 ] 1
		mem[ 16 ] 65536
	registers:
		reg[ 0 ] 0
		reg[ 1 ] 340209378
		reg[ 2 ] 1073676288
		reg[ 3 ] 10383
		reg[ 4 ] 32768
		reg[ 5 ] 0
		reg[ 6 ] 65536
		reg[ 7 ] 0
end state

@@@
state:
	pc 4
	memory:
		mem[ 0 ] 8519693
		mem[ 1 ] 8585230
		mem[ 2 ] 8650767
		mem[ 3 ] 8781840
		mem[ 4 ] 19267591
		mem[ 5 ] 6488069
		mem[ 6 ] 7143429
		mem[ 7 ] 17104897
		mem[ 8 ] 1114113
		mem[ 9 ] 1179650
		mem[ 10 ] 2359300
		mem[ 11 ] 16842744
		mem[ 12 ] 25165824
		mem[ 13 ] 32766
		mem[ 14 ] 10383
		mem[ 15 ] 1
		mem[ 16 ] 65536
	registers:
		reg[ 0 ] 0
		reg[ 1 ] 340209378
		reg[ 2 ] 1073676288
		reg[ 3 ] 10383
		reg[ 4 ] 32768
		reg[ 5 ] 0
		reg[ 6 ] 65536
		reg[ 7 ] 0
end state

@@@
state:
	pc 5
	memory:
		mem[ 0 ] 8519693
		mem[ 1 ] 8585230
		mem[ 2 ] 8650767
		mem[ 3 ] 8781840
		mem[ 4 ] 19267591
		mem[ 5 ] 6488069
		mem[ 6 ] 7143429
		mem[ 7 ] 17104897
		mem[ 8 ] 1114113
		mem[ 9 ] 1179650
		mem[ 10 ] 2359300
		mem[ 11 ] 16842744
		mem[ 12 ] 25165824
		mem[ 13 ] 32766
		mem[ 14 ] 10383
		mem[ 15 ] 1
		mem[ 16 ] 65536
	registers:
		reg[ 0 ] 0
		reg[ 1 ] 340209378
		reg[ 2 ] 1073676288
		reg[ 3 ] 10383
		reg[ 4 ] 32768
		reg[ 5 ] 0
		reg[ 6 ] 65536
		reg[ 7 ] 0
end state

@@@
state:
	pc 6
	memory:
		mem[ 0 ] 8519693
		mem[ 1 ] 8585230
		mem[ 2 ] 8650767
		mem[ 3 ] 8781840
		mem[ 4 ] 19267591
		mem[ 5 ] 6488069
		mem[ 6 ] 7143429
		mem[ 7 ] 17104897
		mem[ 8 ] 1114113
		mem[ 9 ] 1179650
		mem[ 10 ] 2359300
		mem[ 11 ] 16842744
		mem[ 12 ] 25165824
		mem[ 13 ] 32766
		mem[ 14 ] 10383
		mem[ 15 ] 1
		mem[ 16 ] 65536
	registers:
		reg[ 0 ] 0
		reg[ 1 ] 340209378
		reg[ 2 ] 1073676288
		reg[ 3 ] 10383
		reg[ 4 ] 32768
		reg[ 5 ] -1
		reg[ 6 ] 65536
		reg[ 7 ] 0
end state

@@@
state:
	pc 7
	memory:
		mem[ 0 ] 8519693
		mem[ 1 ] 8585230
		mem[ 2 ] 8650767
		mem[ 3 ] 8781840
		mem[ 4 ] 19267591
		mem[ 5 ] 6488069
		mem[ 6 ] 7143429
		mem[ 7 ] 17104897
		mem[ 8 ] 1114113
		mem[ 9 ] 1179650
		mem[ 10 ] 2359300
		mem[ 11 ] 16842744
		mem[ 12 ] 25165824
		mem[ 13 ] 32766
		mem[ 14 ] 10383
		mem[ 15 ] 1
		mem[ 16 ] 65536
	registers:
		reg[ 0 ] 0
		reg[ 1 ] 340209378
		reg[ 2 ] 1073676288
		reg[ 3 ] 10383
		reg[ 4 ] 32768
		reg[ 5 ] 0
		reg[ 6 ] 65536
		reg[ 7 ] 0
end state

@@@
state:
	pc 9
	memory:
		mem[ 0 ] 8519693
		mem[ 1 ] 8585230
		mem[ 2 ] 8650767
		mem[ 3 ] 8781840
		mem[ 4 ] 19267591
		mem[ 5 ] 6488069
		mem[ 6 ] 7143429
		mem[ 7 ] 17104897
		mem[ 8 ] 1114113
		mem[ 9 ] 1179650
		mem[ 10 ] 2359300
		mem[ 11 ] 16842744
		mem[ 12 ] 25165824
		mem[ 13 ] 32766
		mem[ 14 ] 10383
		mem[ 15 ] 1
		mem[ 16 ] 65536
	registers:
		reg[ 0 ] 0
		reg[ 1 ] 340209378
		reg[ 2 ] 1073676288
		reg[ 3 ] 10383
		reg[ 4 ] 32768
		reg[ 5 ] 0
		reg[ 6 ] 65536
		reg[ 7 ] 0
end state

@@@
state:
	pc 10
	memory:
		mem[ 0 ] 8519693
		mem[ 1 ] 8585230
		mem[ 2 ] 8650767
		mem[ 3 ] 8781840
		mem[ 4 ] 19267591
		mem[ 5 ] 6488069
		mem[ 6 ] 7143429
		mem[ 7 ] 17104897
		mem[ 8 ] 1114113
		mem[ 9 ] 1179650
		mem[ 10 ] 2359300
		mem[ 11 ] 16842744
		mem[ 12 ] 25165824
		mem[ 13 ] 32766
		mem[ 14 ] 10383
		mem[ 15 ] 1
		mem[ 16 ] 65536
	registers:
		reg[ 0 ] 0
		reg[ 1 ] 340209378
		reg[ 2 ] 2147352576
		reg[ 3 ] 10383
		reg[ 4 ] 32768
		reg[ 5 ] 0
		reg[ 6 ] 65536
		reg[ 7 ] 0
end state

@@@
state:
	pc 11
	memory:
		mem[ 0 ] 8519693
		mem[ 1 ] 8585230
		mem[ 2 ] 8650767
		mem[ 3 ] 8781840
		mem[ 4 ] 19267591
		mem[ 5 ] 6488069
		mem[ 6 ] 7143429
		mem[ 7 ] 17104897
		mem[ 8 ] 1114113
		mem[ 9 ] 1179650
		mem[ 10 ] 2359300
		mem[ 11 ] 16842744
		mem[ 12 ] 25165824
		mem[ 13 ] 32766
		mem[ 14 ] 10383
		mem[ 15 ] 1
		mem[ 16 ] 65536
	registers:
		reg[ 0 ] 0
		reg[ 1 ] 340209378
		reg[ 2 ] 2147352576
		reg[ 3 ] 10383
		reg[ 4 ] 65536
		reg[ 5 ] 0
		reg[ 6 ] 65536
		reg[ 7 ] 0
end state

@@@
state:
	pc 4
	memory:
		mem[ 0 ] 8519693
		mem[ 1 ] 8585230
		mem[ 2 ] 8650767
		mem[ 3 ] 8781840
		mem[ 4 ] 19267591
		mem[ 5 ] 6488069
		mem[ 6 ] 7143429
		mem[ 7 ] 17104897
		mem[ 8 ] 1114113
		mem[ 9 ] 1179650
		mem[ 10 ] 2359300
		mem[ 11 ] 16842744
		mem[ 12 ] 25165824
		mem[ 13 ] 32766
		mem[ 14 ] 10383
		mem[ 15 ] 1
		mem[ 16 ] 65536
	registers:
		reg[ 0 ] 0
		reg[ 1 ] 340209378
		reg[ 2 ] 2147352576
		reg[ 3 ] 10383
		reg[ 4 ] 65536
		reg[ 5 ] 0
		reg[ 6 ] 65536
		reg[ 7 ] 0
end state

@@@
state:
	pc 12
	memory:
		mem[ 0 ] 8519693
		mem[ 1 ] 8585230
		mem[ 2 ] 8650767
		mem[ 3 ] 8781840
		mem[ 4 ] 19267591
		mem[ 5 ] 6488069
		mem[ 6 ] 7143429
		mem[ 7 ] 17104897
		mem[ 8 ] 1114113
		mem[ 9 ] 1179650
		mem[ 10 ] 2359300
		mem[ 11 ] 16842744
		mem[ 12 ] 25165824
		mem[ 13 ] 32766
		mem[ 14 ] 10383
		mem[ 15 ] 1
		mem[ 16 ] 65536
	registers:
		reg[ 0 ] 0
		reg[ 1 ] 340209378
		reg[ 2 ] 2147352576
		reg[ 3 ] 10383
		reg[ 4 ] 65536
		reg[ 5 ] 0
		reg[ 6 ] 65536
		reg[ 7 ] 0
end state
machine halted
total of 125 instructions executed
final state of machine:

@@@
state:
	pc 13
	memory:
		mem[ 0 ] 8519693
		mem[ 1 ] 8585230
		mem[ 2 ] 8650767
		mem[ 3 ] 8781840
		mem[ 4 ] 19267591
		mem[ 5 ] 6488069
		mem[ 6 ] 7143429
		mem[ 7 ] 17104897
		mem[ 8 ] 1114113
		mem[ 9 ] 1179650
		mem[ 10 ] 2359300
		mem[ 11 ] 16842744
		mem[ 12 ] 25165824
		mem[ 13 ] 32766
		mem[ 14 ] 10383
		mem[ 15 ] 1
		mem[ 16 ] 65536
	registers:
		reg[ 0 ] 0
		reg[ 1 ] 340209378
		reg[ 2 ] 2147352576
		reg[ 3 ] 10383
		reg[ 4 ] 65536
		reg[ 5 ] 0
		reg[ 6 ] 65536
		reg[ 7 ] 0
end state
